nFilas: 6576	nColumnas: 8

Columnas:
 ['TIMESTAMP' 'TARGETVAR' 'U10' 'V10' 'U100' 'V100' 'v10' 'v100']
Tiempo de train:  2.890982151031494
Número de vectores de soporte:  5239
cv mae mean:  13.0168328507
Número de parámetros:  120
Fitting 5 folds for each of 120 candidates, totalling 600 fits
[CV] epsilon=0.461922936106, gamma=0.0416666666667, C=1.0 ............
[CV]  epsilon=0.461922936106, gamma=0.0416666666667, C=1.0, score=-13.613915, total=  12.6s
[CV] epsilon=0.461922936106, gamma=0.166666666667, C=1.0 .............
[CV]  epsilon=0.461922936106, gamma=0.166666666667, C=1.0, score=-13.150051, total=  12.5s
[CV] epsilon=0.461922936106, gamma=0.333333333333, C=1.0 .............
[CV]  epsilon=0.461922936106, gamma=0.333333333333, C=1.0, score=-12.858013, total=  12.5s
[CV] epsilon=0.461922936106, gamma=1.33333333333, C=1.0 ..............
[CV]  epsilon=0.461922936106, gamma=1.33333333333, C=1.0, score=-13.869471, total=  12.4s
[CV] epsilon=0.923845872213, gamma=0.0833333333333, C=1.0 ............
[CV]  epsilon=0.923845872213, gamma=0.0833333333333, C=1.0, score=-13.082957, total=  12.1s
[CV] epsilon=0.923845872213, gamma=0.166666666667, C=1.0 .............
[CV]  epsilon=0.923845872213, gamma=0.166666666667, C=1.0, score=-13.020583, total=  12.2s
[CV] epsilon=0.923845872213, gamma=0.666666666667, C=1.0 .............
[CV]  epsilon=0.923845872213, gamma=0.666666666667, C=1.0, score=-13.296403, total=  12.0s
[CV] epsilon=1.84769174443, gamma=0.0416666666667, C=1.0 .............
[CV]  epsilon=1.84769174443, gamma=0.0416666666667, C=1.0, score=-13.733901, total=  11.6s
[CV] epsilon=1.84769174443, gamma=0.0416666666667, C=1.0 .............
[CV]  epsilon=1.84769174443, gamma=0.0416666666667, C=1.0, score=-13.637685, total=  11.6s
[CV] epsilon=1.84769174443, gamma=0.166666666667, C=1.0 ..............
[CV]  epsilon=1.84769174443, gamma=0.166666666667, C=1.0, score=-13.038410, total=  11.4s
[CV] epsilon=1.84769174443, gamma=0.666666666667, C=1.0 ..............
[CV]  epsilon=1.84769174443, gamma=0.666666666667, C=1.0, score=-12.972558, total=  11.4s
[CV] epsilon=3.69538348885, gamma=0.0416666666667, C=1.0 .............
[CV]  epsilon=3.69538348885, gamma=0.0416666666667, C=1.0, score=-13.827779, total=  10.4s
[CV] epsilon=3.69538348885, gamma=0.0833333333333, C=1.0 .............
[CV]  epsilon=3.69538348885, gamma=0.0833333333333, C=1.0, score=-13.197792, total=  10.2s
[CV] epsilon=3.69538348885, gamma=0.333333333333, C=1.0 ..............
[CV]  epsilon=3.69538348885, gamma=0.333333333333, C=1.0, score=-13.198044, total=  10.1s
[CV] epsilon=3.69538348885, gamma=0.666666666667, C=1.0 ..............
[CV]  epsilon=3.69538348885, gamma=0.666666666667, C=1.0, score=-13.175000, total=  10.1s
[CV] epsilon=0.461922936106, gamma=0.0416666666667, C=10.0 ...........
[CV]  epsilon=0.461922936106, gamma=0.0416666666667, C=10.0, score=-12.607676, total=  12.9s
[CV] epsilon=0.461922936106, gamma=0.0833333333333, C=10.0 ...........
[CV]  epsilon=0.461922936106, gamma=0.0833333333333, C=10.0, score=-12.351525, total=  12.9s
[CV] epsilon=0.461922936106, gamma=0.333333333333, C=10.0 ............
[CV]  epsilon=0.461922936106, gamma=0.333333333333, C=10.0, score=-11.910149, total=  13.0s
[CV] epsilon=0.461922936106, gamma=1.33333333333, C=10.0 .............
[CV]  epsilon=0.461922936106, gamma=1.33333333333, C=10.0, score=-11.839388, total=  13.2s
[CV] epsilon=0.923845872213, gamma=0.0416666666667, C=10.0 ...........
[CV]  epsilon=0.923845872213, gamma=0.0416666666667, C=10.0, score=-12.954553, total=  12.5s
[CV] epsilon=0.923845872213, gamma=0.166666666667, C=10.0 ............
[CV]  epsilon=0.923845872213, gamma=0.166666666667, C=10.0, score=-11.958019, total=  12.6s
[CV] epsilon=0.923845872213, gamma=0.666666666667, C=10.0 ............
[CV]  epsilon=0.923845872213, gamma=0.666666666667, C=10.0, score=-11.971700, total=  12.5s
[CV] epsilon=0.923845872213, gamma=1.33333333333, C=10.0 .............
[CV]  epsilon=0.923845872213, gamma=1.33333333333, C=10.0, score=-11.725435, total=  12.6s
[CV] epsilon=1.84769174443, gamma=0.0833333333333, C=10.0 ............
[CV]  epsilon=1.84769174443, gamma=0.0833333333333, C=10.0, score=-12.476926, total=  11.8s
[CV] epsilon=1.84769174443, gamma=0.333333333333, C=10.0 .............
[CV]  epsilon=1.84769174443, gamma=0.333333333333, C=10.0, score=-11.794359, total=  11.6s
[CV] epsilon=1.84769174443, gamma=0.666666666667, C=10.0 .............
[CV]  epsilon=1.84769174443, gamma=0.666666666667, C=10.0, score=-11.882909, total=  11.7s
[CV] epsilon=3.69538348885, gamma=0.0416666666667, C=10.0 ............
[CV]  epsilon=3.69538348885, gamma=0.0416666666667, C=10.0, score=-12.931905, total=  10.2s
[CV] epsilon=3.69538348885, gamma=0.0833333333333, C=10.0 ............
[CV]  epsilon=3.69538348885, gamma=0.0833333333333, C=10.0, score=-12.252750, total=  10.2s
[CV] epsilon=3.69538348885, gamma=0.166666666667, C=10.0 .............
[CV]  epsilon=3.69538348885, gamma=0.166666666667, C=10.0, score=-12.088998, total=  10.1s
[CV] epsilon=3.69538348885, gamma=0.666666666667, C=10.0 .............
[CV]  epsilon=3.69538348885, gamma=0.666666666667, C=10.0, score=-11.852490, total=  10.0s
[CV] epsilon=0.461922936106, gamma=0.0416666666667, C=100.0 ..........
[CV]  epsilon=0.461922936106, gamma=0.0416666666667, C=100.0, score=-12.488633, total=  13.7s
[CV] epsilon=0.461922936106, gamma=0.0833333333333, C=100.0 ..........
[CV]  epsilon=0.461922936106, gamma=0.0833333333333, C=100.0, score=-11.979342, total=  14.0s
[CV] epsilon=0.461922936106, gamma=0.333333333333, C=100.0 ...........
[CV]  epsilon=0.461922936106, gamma=0.333333333333, C=100.0, score=-11.647416, total=  15.7s
[CV] epsilon=0.461922936106, gamma=0.666666666667, C=100.0 ...........
[CV]  epsilon=0.461922936106, gamma=0.666666666667, C=100.0, score=-11.365213, total=  17.8s
[CV] epsilon=0.923845872213, gamma=0.0416666666667, C=100.0 ..........
[CV]  epsilon=0.923845872213, gamma=0.0416666666667, C=100.0, score=-12.485724, total=  13.2s
[CV] epsilon=0.923845872213, gamma=0.166666666667, C=100.0 ...........
[CV]  epsilon=0.923845872213, gamma=0.166666666667, C=100.0, score=-11.999039, total=  14.0s
[CV] epsilon=0.923845872213, gamma=0.333333333333, C=100.0 ...........
[CV]  epsilon=0.923845872213, gamma=0.333333333333, C=100.0, score=-11.730718, total=  15.3s
[CV] epsilon=0.923845872213, gamma=1.33333333333, C=100.0 ............
[CV]  epsilon=0.923845872213, gamma=1.33333333333, C=100.0, score=-11.531016, total=  21.3s
[CV] epsilon=1.84769174443, gamma=0.0833333333333, C=100.0 ...........
[CV]  epsilon=1.84769174443, gamma=0.0833333333333, C=100.0, score=-11.976390, total=  12.7s
[CV] epsilon=1.84769174443, gamma=0.166666666667, C=100.0 ............
[CV]  epsilon=1.84769174443, gamma=0.166666666667, C=100.0, score=-11.745507, total=  13.1s
[CV] epsilon=1.84769174443, gamma=0.666666666667, C=100.0 ............
[CV]  epsilon=1.84769174443, gamma=0.666666666667, C=100.0, score=-11.429177, total=  15.4s
[CV] epsilon=3.69538348885, gamma=0.0416666666667, C=100.0 ...........
[CV]  epsilon=3.69538348885, gamma=0.0416666666667, C=100.0, score=-12.481322, total=  11.1s
[CV] epsilon=3.69538348885, gamma=0.0833333333333, C=100.0 ...........
[CV]  epsilon=3.69538348885, gamma=0.0833333333333, C=100.0, score=-12.012180, total=  11.3s
[CV] epsilon=3.69538348885, gamma=0.166666666667, C=100.0 ............
[CV]  epsilon=3.69538348885, gamma=0.166666666667, C=100.0, score=-11.787457, total=  11.4s
[CV] epsilon=3.69538348885, gamma=0.666666666667, C=100.0 ............
[CV]  epsilon=3.69538348885, gamma=0.666666666667, C=100.0, score=-11.493444, total=  13.5s
[CV] epsilon=0.461922936106, gamma=0.0416666666667, C=1000.0 .........
[CV]  epsilon=0.461922936106, gamma=0.0416666666667, C=1000.0, score=-12.255694, total=  19.2s
[CV] epsilon=0.461922936106, gamma=0.0833333333333, C=1000.0 .........
[CV]  epsilon=0.461922936106, gamma=0.0833333333333, C=1000.0, score=-11.870620, total=  23.3s
[CV] epsilon=0.461922936106, gamma=0.333333333333, C=1000.0 ..........
[CV]  epsilon=0.461922936106, gamma=0.333333333333, C=1000.0, score=-11.569439, total=  41.8s
[CV] epsilon=0.461922936106, gamma=0.666666666667, C=1000.0 ..........
[CV]  epsilon=0.461922936106, gamma=0.666666666667, C=1000.0, score=-11.402513, total= 1.2min
[CV] epsilon=0.923845872213, gamma=0.0416666666667, C=1000.0 .........
[CV]  epsilon=0.923845872213, gamma=0.0416666666667, C=1000.0, score=-12.233742, total=  18.5s
[CV] epsilon=0.923845872213, gamma=0.0833333333333, C=1000.0 .........[CV] epsilon=0.461922936106, gamma=0.0416666666667, C=1.0 ............
[CV]  epsilon=0.461922936106, gamma=0.0416666666667, C=1.0, score=-13.698717, total=  12.2s
[CV] epsilon=0.461922936106, gamma=0.0833333333333, C=1.0 ............
[CV]  epsilon=0.461922936106, gamma=0.0833333333333, C=1.0, score=-13.368458, total=  12.5s
[CV] epsilon=0.461922936106, gamma=0.333333333333, C=1.0 .............
[CV]  epsilon=0.461922936106, gamma=0.333333333333, C=1.0, score=-12.738593, total=  12.5s
[CV] epsilon=0.461922936106, gamma=0.666666666667, C=1.0 .............
[CV]  epsilon=0.461922936106, gamma=0.666666666667, C=1.0, score=-12.991500, total=  12.5s
[CV] epsilon=0.923845872213, gamma=0.0416666666667, C=1.0 ............
[CV]  epsilon=0.923845872213, gamma=0.0416666666667, C=1.0, score=-13.610850, total=  12.2s
[CV] epsilon=0.923845872213, gamma=0.166666666667, C=1.0 .............
[CV]  epsilon=0.923845872213, gamma=0.166666666667, C=1.0, score=-12.833752, total=  12.1s
[CV] epsilon=0.923845872213, gamma=0.333333333333, C=1.0 .............
[CV]  epsilon=0.923845872213, gamma=0.333333333333, C=1.0, score=-12.920845, total=  12.1s
[CV] epsilon=0.923845872213, gamma=1.33333333333, C=1.0 ..............
[CV]  epsilon=0.923845872213, gamma=1.33333333333, C=1.0, score=-13.488671, total=  12.2s
[CV] epsilon=1.84769174443, gamma=0.0833333333333, C=1.0 .............
[CV]  epsilon=1.84769174443, gamma=0.0833333333333, C=1.0, score=-13.345665, total=  11.5s
[CV] epsilon=1.84769174443, gamma=0.333333333333, C=1.0 ..............
[CV]  epsilon=1.84769174443, gamma=0.333333333333, C=1.0, score=-13.035015, total=  11.4s
[CV] epsilon=1.84769174443, gamma=1.33333333333, C=1.0 ...............
[CV]  epsilon=1.84769174443, gamma=1.33333333333, C=1.0, score=-13.784623, total=  11.4s
[CV] epsilon=3.69538348885, gamma=0.0416666666667, C=1.0 .............
[CV]  epsilon=3.69538348885, gamma=0.0416666666667, C=1.0, score=-13.677828, total=  10.3s
[CV] epsilon=3.69538348885, gamma=0.0833333333333, C=1.0 .............
[CV]  epsilon=3.69538348885, gamma=0.0833333333333, C=1.0, score=-13.418188, total=  10.2s
[CV] epsilon=3.69538348885, gamma=0.333333333333, C=1.0 ..............
[CV]  epsilon=3.69538348885, gamma=0.333333333333, C=1.0, score=-13.040742, total=  10.1s
[CV] epsilon=3.69538348885, gamma=1.33333333333, C=1.0 ...............
[CV]  epsilon=3.69538348885, gamma=1.33333333333, C=1.0, score=-13.889011, total=  10.2s
[CV] epsilon=0.461922936106, gamma=0.0416666666667, C=10.0 ...........
[CV]  epsilon=0.461922936106, gamma=0.0416666666667, C=10.0, score=-12.967016, total=  12.9s
[CV] epsilon=0.461922936106, gamma=0.166666666667, C=10.0 ............
[CV]  epsilon=0.461922936106, gamma=0.166666666667, C=10.0, score=-11.950160, total=  12.9s
[CV] epsilon=0.461922936106, gamma=0.333333333333, C=10.0 ............
[CV]  epsilon=0.461922936106, gamma=0.333333333333, C=10.0, score=-11.870242, total=  12.9s
[CV] epsilon=0.461922936106, gamma=1.33333333333, C=10.0 .............
[CV]  epsilon=0.461922936106, gamma=1.33333333333, C=10.0, score=-11.733596, total=  13.2s
[CV] epsilon=0.923845872213, gamma=0.0833333333333, C=10.0 ...........
[CV]  epsilon=0.923845872213, gamma=0.0833333333333, C=10.0, score=-12.496359, total=  12.6s
[CV] epsilon=0.923845872213, gamma=0.166666666667, C=10.0 ............
[CV]  epsilon=0.923845872213, gamma=0.166666666667, C=10.0, score=-12.215557, total=  12.5s
[CV] epsilon=0.923845872213, gamma=0.666666666667, C=10.0 ............
[CV]  epsilon=0.923845872213, gamma=0.666666666667, C=10.0, score=-11.725839, total=  12.5s
[CV] epsilon=0.923845872213, gamma=1.33333333333, C=10.0 .............
[CV]  epsilon=0.923845872213, gamma=1.33333333333, C=10.0, score=-11.709752, total=  12.6s
[CV] epsilon=1.84769174443, gamma=0.166666666667, C=10.0 .............
[CV]  epsilon=1.84769174443, gamma=0.166666666667, C=10.0, score=-11.958513, total=  11.7s
[CV] epsilon=1.84769174443, gamma=0.333333333333, C=10.0 .............
[CV]  epsilon=1.84769174443, gamma=0.333333333333, C=10.0, score=-11.878501, total=  11.6s
[CV] epsilon=1.84769174443, gamma=1.33333333333, C=10.0 ..............
[CV]  epsilon=1.84769174443, gamma=1.33333333333, C=10.0, score=-11.725465, total=  11.8s
[CV] epsilon=3.69538348885, gamma=0.0833333333333, C=10.0 ............
[CV]  epsilon=3.69538348885, gamma=0.0833333333333, C=10.0, score=-12.555513, total=  10.0s
[CV] epsilon=3.69538348885, gamma=0.166666666667, C=10.0 .............
[CV]  epsilon=3.69538348885, gamma=0.166666666667, C=10.0, score=-12.375734, total=  10.0s
[CV] epsilon=3.69538348885, gamma=0.333333333333, C=10.0 .............
[CV]  epsilon=3.69538348885, gamma=0.333333333333, C=10.0, score=-12.001775, total=  10.0s
[CV] epsilon=3.69538348885, gamma=1.33333333333, C=10.0 ..............
[CV]  epsilon=3.69538348885, gamma=1.33333333333, C=10.0, score=-11.981487, total=  10.2s
[CV] epsilon=0.461922936106, gamma=0.0416666666667, C=100.0 ..........
[CV]  epsilon=0.461922936106, gamma=0.0416666666667, C=100.0, score=-12.279185, total=  13.9s
[CV] epsilon=0.461922936106, gamma=0.166666666667, C=100.0 ...........
[CV]  epsilon=0.461922936106, gamma=0.166666666667, C=100.0, score=-11.881654, total=  14.7s
[CV] epsilon=0.461922936106, gamma=0.666666666667, C=100.0 ...........
[CV]  epsilon=0.461922936106, gamma=0.666666666667, C=100.0, score=-11.603698, total=  17.6s
[CV] epsilon=0.461922936106, gamma=1.33333333333, C=100.0 ............
[CV]  epsilon=0.461922936106, gamma=1.33333333333, C=100.0, score=-11.350016, total=  22.8s
[CV] epsilon=0.923845872213, gamma=0.0833333333333, C=100.0 ..........
[CV]  epsilon=0.923845872213, gamma=0.0833333333333, C=100.0, score=-11.981135, total=  13.7s
[CV] epsilon=0.923845872213, gamma=0.333333333333, C=100.0 ...........
[CV]  epsilon=0.923845872213, gamma=0.333333333333, C=100.0, score=-11.644456, total=  15.0s
[CV] epsilon=0.923845872213, gamma=1.33333333333, C=100.0 ............
[CV]  epsilon=0.923845872213, gamma=1.33333333333, C=100.0, score=-11.536666, total=  19.9s
[CV] epsilon=1.84769174443, gamma=0.0416666666667, C=100.0 ...........
[CV]  epsilon=1.84769174443, gamma=0.0416666666667, C=100.0, score=-12.447481, total=  12.4s
[CV] epsilon=1.84769174443, gamma=0.166666666667, C=100.0 ............
[CV]  epsilon=1.84769174443, gamma=0.166666666667, C=100.0, score=-11.986165, total=  13.3s
[CV] epsilon=1.84769174443, gamma=0.333333333333, C=100.0 ............
[CV]  epsilon=1.84769174443, gamma=0.333333333333, C=100.0, score=-11.742021, total=  14.2s
[CV] epsilon=1.84769174443, gamma=1.33333333333, C=100.0 .............
[CV]  epsilon=1.84769174443, gamma=1.33333333333, C=100.0, score=-11.517929, total=  19.4s
[CV] epsilon=3.69538348885, gamma=0.0416666666667, C=100.0 ...........
[CV]  epsilon=3.69538348885, gamma=0.0416666666667, C=100.0, score=-12.273510, total=  11.1s
[CV] epsilon=3.69538348885, gamma=0.166666666667, C=100.0 ............
[CV]  epsilon=3.69538348885, gamma=0.166666666667, C=100.0, score=-11.954799, total=  11.6s
[CV] epsilon=3.69538348885, gamma=0.666666666667, C=100.0 ............
[CV]  epsilon=3.69538348885, gamma=0.666666666667, C=100.0, score=-11.669857, total=  13.2s
[CV] epsilon=3.69538348885, gamma=1.33333333333, C=100.0 .............
[CV]  epsilon=3.69538348885, gamma=1.33333333333, C=100.0, score=-11.418136, total=  15.8s
[CV] epsilon=0.461922936106, gamma=0.0833333333333, C=1000.0 .........
[CV]  epsilon=0.461922936106, gamma=0.0833333333333, C=1000.0, score=-11.800260, total=  22.6s
[CV] epsilon=0.461922936106, gamma=0.166666666667, C=1000.0 ..........
[CV]  epsilon=0.461922936106, gamma=0.166666666667, C=1000.0, score=-11.529043, total=  30.6s
[CV] epsilon=0.461922936106, gamma=0.666666666667, C=1000.0 ..........
[CV]  epsilon=0.461922936106, gamma=0.666666666667, C=1000.0, score=-11.365614, total= 1.3min
[CV] epsilon=0.923845872213, gamma=0.0416666666667, C=1000.0 .........
[CV]  epsilon=0.923845872213, gamma=0.0416666666667, C=1000.0, score=-12.255416, total=  18.9s
[CV] epsilon=0.923845872213, gamma=0.0416666666667, C=1000.0 .........
[CV]  epsilon=0.923845872213, gamma=0.0416666666667, C=1000.0, score=-12.169106, total=  19.1s
[CV] epsilon=0.923845872213, gamma=0.0833333333333, C=1000.0 .........[CV] epsilon=0.461922936106, gamma=0.0833333333333, C=1.0 ............
[CV]  epsilon=0.461922936106, gamma=0.0833333333333, C=1.0, score=-13.379191, total=  12.5s
[CV] epsilon=0.461922936106, gamma=0.166666666667, C=1.0 .............
[CV]  epsilon=0.461922936106, gamma=0.166666666667, C=1.0, score=-12.831579, total=  12.4s
[CV] epsilon=0.461922936106, gamma=0.333333333333, C=1.0 .............
[CV]  epsilon=0.461922936106, gamma=0.333333333333, C=1.0, score=-12.930950, total=  12.5s
[CV] epsilon=0.461922936106, gamma=1.33333333333, C=1.0 ..............
[CV]  epsilon=0.461922936106, gamma=1.33333333333, C=1.0, score=-13.481346, total=  12.5s
[CV] epsilon=0.923845872213, gamma=0.0833333333333, C=1.0 ............
[CV]  epsilon=0.923845872213, gamma=0.0833333333333, C=1.0, score=-13.383053, total=  12.1s
[CV] epsilon=0.923845872213, gamma=0.333333333333, C=1.0 .............
[CV]  epsilon=0.923845872213, gamma=0.333333333333, C=1.0, score=-13.072758, total=  12.1s
[CV] epsilon=0.923845872213, gamma=0.666666666667, C=1.0 .............
[CV]  epsilon=0.923845872213, gamma=0.666666666667, C=1.0, score=-12.976900, total=  12.0s
[CV] epsilon=1.84769174443, gamma=0.0416666666667, C=1.0 .............
[CV]  epsilon=1.84769174443, gamma=0.0416666666667, C=1.0, score=-13.423985, total=  11.5s
[CV] epsilon=1.84769174443, gamma=0.0833333333333, C=1.0 .............
[CV]  epsilon=1.84769174443, gamma=0.0833333333333, C=1.0, score=-13.397712, total=  11.4s
[CV] epsilon=1.84769174443, gamma=0.166666666667, C=1.0 ..............
[CV]  epsilon=1.84769174443, gamma=0.166666666667, C=1.0, score=-13.137519, total=  11.4s
[CV] epsilon=1.84769174443, gamma=0.666666666667, C=1.0 ..............
[CV]  epsilon=1.84769174443, gamma=0.666666666667, C=1.0, score=-13.308521, total=  11.4s
[CV] epsilon=1.84769174443, gamma=1.33333333333, C=1.0 ...............
[CV]  epsilon=1.84769174443, gamma=1.33333333333, C=1.0, score=-13.433909, total=  11.5s
[CV] epsilon=3.69538348885, gamma=0.166666666667, C=1.0 ..............
[CV]  epsilon=3.69538348885, gamma=0.166666666667, C=1.0, score=-13.228579, total=  10.2s
[CV] epsilon=3.69538348885, gamma=0.666666666667, C=1.0 ..............
[CV]  epsilon=3.69538348885, gamma=0.666666666667, C=1.0, score=-13.419402, total=  10.1s
[CV] epsilon=3.69538348885, gamma=1.33333333333, C=1.0 ...............
[CV]  epsilon=3.69538348885, gamma=1.33333333333, C=1.0, score=-13.542731, total=  10.2s
[CV] epsilon=0.461922936106, gamma=0.0833333333333, C=10.0 ...........
[CV]  epsilon=0.461922936106, gamma=0.0833333333333, C=10.0, score=-12.479968, total=  12.9s
[CV] epsilon=0.461922936106, gamma=0.166666666667, C=10.0 ............
[CV]  epsilon=0.461922936106, gamma=0.166666666667, C=10.0, score=-12.037539, total=  13.0s
[CV] epsilon=0.461922936106, gamma=0.666666666667, C=10.0 ............
[CV]  epsilon=0.461922936106, gamma=0.666666666667, C=10.0, score=-11.728984, total=  13.0s
[CV] epsilon=0.923845872213, gamma=0.0416666666667, C=10.0 ...........
[CV]  epsilon=0.923845872213, gamma=0.0416666666667, C=10.0, score=-12.861442, total=  12.4s
[CV] epsilon=0.923845872213, gamma=0.0833333333333, C=10.0 ...........
[CV]  epsilon=0.923845872213, gamma=0.0833333333333, C=10.0, score=-12.542411, total=  12.5s
[CV] epsilon=0.923845872213, gamma=0.333333333333, C=10.0 ............
[CV]  epsilon=0.923845872213, gamma=0.333333333333, C=10.0, score=-11.802488, total=  12.5s
[CV] epsilon=0.923845872213, gamma=0.666666666667, C=10.0 ............
[CV]  epsilon=0.923845872213, gamma=0.666666666667, C=10.0, score=-11.877495, total=  12.5s
[CV] epsilon=1.84769174443, gamma=0.0416666666667, C=10.0 ............
[CV]  epsilon=1.84769174443, gamma=0.0416666666667, C=10.0, score=-12.936577, total=  11.8s
[CV] epsilon=1.84769174443, gamma=0.0833333333333, C=10.0 ............
[CV]  epsilon=1.84769174443, gamma=0.0833333333333, C=10.0, score=-12.204754, total=  11.7s
[CV] epsilon=1.84769174443, gamma=0.166666666667, C=10.0 .............
[CV]  epsilon=1.84769174443, gamma=0.166666666667, C=10.0, score=-12.150229, total=  11.8s
[CV] epsilon=1.84769174443, gamma=0.666666666667, C=10.0 .............
[CV]  epsilon=1.84769174443, gamma=0.666666666667, C=10.0, score=-11.721883, total=  11.8s
[CV] epsilon=3.69538348885, gamma=0.0416666666667, C=10.0 ............
[CV]  epsilon=3.69538348885, gamma=0.0416666666667, C=10.0, score=-12.996659, total=  10.1s
[CV] epsilon=3.69538348885, gamma=0.0833333333333, C=10.0 ............
[CV]  epsilon=3.69538348885, gamma=0.0833333333333, C=10.0, score=-12.533914, total=  10.1s
[CV] epsilon=3.69538348885, gamma=0.333333333333, C=10.0 .............
[CV]  epsilon=3.69538348885, gamma=0.333333333333, C=10.0, score=-11.861186, total=  10.0s
[CV] epsilon=3.69538348885, gamma=0.666666666667, C=10.0 .............
[CV]  epsilon=3.69538348885, gamma=0.666666666667, C=10.0, score=-11.942573, total=  10.0s
[CV] epsilon=0.461922936106, gamma=0.0416666666667, C=100.0 ..........
[CV]  epsilon=0.461922936106, gamma=0.0416666666667, C=100.0, score=-12.219885, total=  13.7s
[CV] epsilon=0.461922936106, gamma=0.0833333333333, C=100.0 ..........
[CV]  epsilon=0.461922936106, gamma=0.0833333333333, C=100.0, score=-12.177564, total=  13.9s
[CV] epsilon=0.461922936106, gamma=0.333333333333, C=100.0 ...........
[CV]  epsilon=0.461922936106, gamma=0.333333333333, C=100.0, score=-11.661984, total=  15.9s
[CV] epsilon=0.461922936106, gamma=1.33333333333, C=100.0 ............
[CV]  epsilon=0.461922936106, gamma=1.33333333333, C=100.0, score=-11.527549, total=  21.7s
[CV] epsilon=0.923845872213, gamma=0.0833333333333, C=100.0 ..........
[CV]  epsilon=0.923845872213, gamma=0.0833333333333, C=100.0, score=-12.214257, total=  13.8s
[CV] epsilon=0.923845872213, gamma=0.166666666667, C=100.0 ...........
[CV]  epsilon=0.923845872213, gamma=0.166666666667, C=100.0, score=-11.902691, total=  13.9s
[CV] epsilon=0.923845872213, gamma=0.666666666667, C=100.0 ...........
[CV]  epsilon=0.923845872213, gamma=0.666666666667, C=100.0, score=-11.602383, total=  17.3s
[CV] epsilon=0.923845872213, gamma=1.33333333333, C=100.0 ............
[CV]  epsilon=0.923845872213, gamma=1.33333333333, C=100.0, score=-11.334907, total=  20.4s
[CV] epsilon=1.84769174443, gamma=0.166666666667, C=100.0 ............
[CV]  epsilon=1.84769174443, gamma=0.166666666667, C=100.0, score=-11.743968, total=  13.3s
[CV] epsilon=1.84769174443, gamma=0.333333333333, C=100.0 ............
[CV]  epsilon=1.84769174443, gamma=0.333333333333, C=100.0, score=-11.542794, total=  14.0s
[CV] epsilon=1.84769174443, gamma=1.33333333333, C=100.0 .............
[CV]  epsilon=1.84769174443, gamma=1.33333333333, C=100.0, score=-11.394726, total=  19.3s
[CV] epsilon=3.69538348885, gamma=0.0833333333333, C=100.0 ...........
[CV]  epsilon=3.69538348885, gamma=0.0833333333333, C=100.0, score=-12.295903, total=  11.2s
[CV] epsilon=3.69538348885, gamma=0.166666666667, C=100.0 ............
[CV]  epsilon=3.69538348885, gamma=0.166666666667, C=100.0, score=-11.987874, total=  11.3s
[CV] epsilon=3.69538348885, gamma=0.666666666667, C=100.0 ............
[CV]  epsilon=3.69538348885, gamma=0.666666666667, C=100.0, score=-11.694013, total=  13.8s
[CV] epsilon=3.69538348885, gamma=1.33333333333, C=100.0 .............
[CV]  epsilon=3.69538348885, gamma=1.33333333333, C=100.0, score=-11.418543, total=  16.5s
[CV] epsilon=0.461922936106, gamma=0.0833333333333, C=1000.0 .........
[CV]  epsilon=0.461922936106, gamma=0.0833333333333, C=1000.0, score=-11.937455, total=  23.6s
[CV] epsilon=0.461922936106, gamma=0.333333333333, C=1000.0 ..........
[CV]  epsilon=0.461922936106, gamma=0.333333333333, C=1000.0, score=-11.579161, total=  41.1s
[CV] epsilon=0.461922936106, gamma=0.666666666667, C=1000.0 ..........
[CV]  epsilon=0.461922936106, gamma=0.666666666667, C=1000.0, score=-11.283778, total= 1.2min
[CV] epsilon=0.923845872213, gamma=0.0416666666667, C=1000.0 .........
[CV]  epsilon=0.923845872213, gamma=0.0416666666667, C=1000.0, score=-12.025617, total=  19.9s
[CV] epsilon=0.923845872213, gamma=0.0416666666667, C=1000.0 .........
[CV]  epsilon=0.923845872213, gamma=0.0416666666667, C=1000.0, score=-12.021406, total=  18.5s
[CV] epsilon=0.923845872213, gamma=0.0833333333333, C=1000.0 .........[CV] epsilon=0.461922936106, gamma=0.0833333333333, C=1.0 ............
[CV]  epsilon=0.461922936106, gamma=0.0833333333333, C=1.0, score=-13.074214, total=  12.5s
[CV] epsilon=0.461922936106, gamma=0.166666666667, C=1.0 .............
[CV]  epsilon=0.461922936106, gamma=0.166666666667, C=1.0, score=-13.090700, total=  12.5s
[CV] epsilon=0.461922936106, gamma=0.666666666667, C=1.0 .............
[CV]  epsilon=0.461922936106, gamma=0.666666666667, C=1.0, score=-13.290825, total=  12.5s
[CV] epsilon=0.923845872213, gamma=0.0416666666667, C=1.0 ............
[CV]  epsilon=0.923845872213, gamma=0.0416666666667, C=1.0, score=-13.403959, total=  12.1s
[CV] epsilon=0.923845872213, gamma=0.0416666666667, C=1.0 ............
[CV]  epsilon=0.923845872213, gamma=0.0416666666667, C=1.0, score=-13.616302, total=  12.1s
[CV] epsilon=0.923845872213, gamma=0.166666666667, C=1.0 .............
[CV]  epsilon=0.923845872213, gamma=0.166666666667, C=1.0, score=-13.118394, total=  12.1s
[CV] epsilon=0.923845872213, gamma=0.333333333333, C=1.0 .............
[CV]  epsilon=0.923845872213, gamma=0.333333333333, C=1.0, score=-12.873307, total=  12.1s
[CV] epsilon=0.923845872213, gamma=1.33333333333, C=1.0 ..............
[CV]  epsilon=0.923845872213, gamma=1.33333333333, C=1.0, score=-13.879965, total=  12.1s
[CV] epsilon=1.84769174443, gamma=0.0833333333333, C=1.0 .............
[CV]  epsilon=1.84769174443, gamma=0.0833333333333, C=1.0, score=-13.384477, total=  11.4s
[CV] epsilon=1.84769174443, gamma=0.333333333333, C=1.0 ..............
[CV]  epsilon=1.84769174443, gamma=0.333333333333, C=1.0, score=-12.740257, total=  11.3s
[CV] epsilon=1.84769174443, gamma=0.666666666667, C=1.0 ..............
[CV]  epsilon=1.84769174443, gamma=0.666666666667, C=1.0, score=-13.000004, total=  11.3s
[CV] epsilon=3.69538348885, gamma=0.0416666666667, C=1.0 .............
[CV]  epsilon=3.69538348885, gamma=0.0416666666667, C=1.0, score=-13.786984, total=  10.4s
[CV] epsilon=3.69538348885, gamma=0.0833333333333, C=1.0 .............
[CV]  epsilon=3.69538348885, gamma=0.0833333333333, C=1.0, score=-13.438417, total=  10.2s
[CV] epsilon=3.69538348885, gamma=0.333333333333, C=1.0 ..............
[CV]  epsilon=3.69538348885, gamma=0.333333333333, C=1.0, score=-12.798894, total=  10.2s
[CV] epsilon=3.69538348885, gamma=0.666666666667, C=1.0 ..............
[CV]  epsilon=3.69538348885, gamma=0.666666666667, C=1.0, score=-13.071849, total=  10.1s
[CV] epsilon=0.461922936106, gamma=0.0416666666667, C=10.0 ...........
[CV]  epsilon=0.461922936106, gamma=0.0416666666667, C=10.0, score=-12.932422, total=  12.8s
[CV] epsilon=0.461922936106, gamma=0.166666666667, C=10.0 ............
[CV]  epsilon=0.461922936106, gamma=0.166666666667, C=10.0, score=-12.294214, total=  12.9s
[CV] epsilon=0.461922936106, gamma=0.333333333333, C=10.0 ............
[CV]  epsilon=0.461922936106, gamma=0.333333333333, C=10.0, score=-12.048277, total=  13.0s
[CV] epsilon=0.461922936106, gamma=1.33333333333, C=10.0 .............
[CV]  epsilon=0.461922936106, gamma=1.33333333333, C=10.0, score=-11.715321, total=  13.1s
[CV] epsilon=0.923845872213, gamma=0.0416666666667, C=10.0 ...........
[CV]  epsilon=0.923845872213, gamma=0.0416666666667, C=10.0, score=-12.804969, total=  12.5s
[CV] epsilon=0.923845872213, gamma=0.166666666667, C=10.0 ............
[CV]  epsilon=0.923845872213, gamma=0.166666666667, C=10.0, score=-12.141142, total=  12.5s
[CV] epsilon=0.923845872213, gamma=0.333333333333, C=10.0 ............
[CV]  epsilon=0.923845872213, gamma=0.333333333333, C=10.0, score=-11.876778, total=  12.5s
[CV] epsilon=0.923845872213, gamma=1.33333333333, C=10.0 .............
[CV]  epsilon=0.923845872213, gamma=1.33333333333, C=10.0, score=-11.706238, total=  12.7s
[CV] epsilon=1.84769174443, gamma=0.0833333333333, C=10.0 ............
[CV]  epsilon=1.84769174443, gamma=0.0833333333333, C=10.0, score=-12.348953, total=  11.7s
[CV] epsilon=1.84769174443, gamma=0.333333333333, C=10.0 .............
[CV]  epsilon=1.84769174443, gamma=0.333333333333, C=10.0, score=-11.908863, total=  11.7s
[CV] epsilon=1.84769174443, gamma=0.666666666667, C=10.0 .............
[CV]  epsilon=1.84769174443, gamma=0.666666666667, C=10.0, score=-11.795339, total=  11.6s
[CV] epsilon=3.69538348885, gamma=0.0416666666667, C=10.0 ............
[CV]  epsilon=3.69538348885, gamma=0.0416666666667, C=10.0, score=-12.666694, total=  10.3s
[CV] epsilon=3.69538348885, gamma=0.0833333333333, C=10.0 ............
[CV]  epsilon=3.69538348885, gamma=0.0833333333333, C=10.0, score=-12.552095, total=  10.0s
[CV] epsilon=3.69538348885, gamma=0.333333333333, C=10.0 .............
[CV]  epsilon=3.69538348885, gamma=0.333333333333, C=10.0, score=-12.202650, total=   9.9s
[CV] epsilon=3.69538348885, gamma=0.666666666667, C=10.0 .............
[CV]  epsilon=3.69538348885, gamma=0.666666666667, C=10.0, score=-11.825288, total=  10.1s
[CV] epsilon=0.461922936106, gamma=0.0416666666667, C=100.0 ..........
[CV]  epsilon=0.461922936106, gamma=0.0416666666667, C=100.0, score=-12.454832, total=  13.8s
[CV] epsilon=0.461922936106, gamma=0.166666666667, C=100.0 ...........
[CV]  epsilon=0.461922936106, gamma=0.166666666667, C=100.0, score=-11.999378, total=  14.7s
[CV] epsilon=0.461922936106, gamma=0.333333333333, C=100.0 ...........
[CV]  epsilon=0.461922936106, gamma=0.333333333333, C=100.0, score=-11.738584, total=  15.9s
[CV] epsilon=0.461922936106, gamma=1.33333333333, C=100.0 ............
[CV]  epsilon=0.461922936106, gamma=1.33333333333, C=100.0, score=-11.528252, total=  22.5s
[CV] epsilon=0.923845872213, gamma=0.0833333333333, C=100.0 ..........
[CV]  epsilon=0.923845872213, gamma=0.0833333333333, C=100.0, score=-12.167363, total=  13.6s
[CV] epsilon=0.923845872213, gamma=0.333333333333, C=100.0 ...........
[CV]  epsilon=0.923845872213, gamma=0.333333333333, C=100.0, score=-11.829705, total=  15.3s
[CV] epsilon=0.923845872213, gamma=0.666666666667, C=100.0 ...........
[CV]  epsilon=0.923845872213, gamma=0.666666666667, C=100.0, score=-11.448639, total=  17.0s
[CV] epsilon=1.84769174443, gamma=0.0416666666667, C=100.0 ...........
[CV]  epsilon=1.84769174443, gamma=0.0416666666667, C=100.0, score=-12.218958, total=  12.5s
[CV] epsilon=1.84769174443, gamma=0.0833333333333, C=100.0 ...........
[CV]  epsilon=1.84769174443, gamma=0.0833333333333, C=100.0, score=-12.170029, total=  12.7s
[CV] epsilon=1.84769174443, gamma=0.333333333333, C=100.0 ............
[CV]  epsilon=1.84769174443, gamma=0.333333333333, C=100.0, score=-11.811735, total=  14.2s
[CV] epsilon=1.84769174443, gamma=0.666666666667, C=100.0 ............
[CV]  epsilon=1.84769174443, gamma=0.666666666667, C=100.0, score=-11.483785, total=  16.2s
[CV] epsilon=3.69538348885, gamma=0.0416666666667, C=100.0 ...........
[CV]  epsilon=3.69538348885, gamma=0.0416666666667, C=100.0, score=-12.260344, total=  11.1s
[CV] epsilon=3.69538348885, gamma=0.0833333333333, C=100.0 ...........
[CV]  epsilon=3.69538348885, gamma=0.0833333333333, C=100.0, score=-12.209967, total=  11.3s
[CV] epsilon=3.69538348885, gamma=0.333333333333, C=100.0 ............
[CV]  epsilon=3.69538348885, gamma=0.333333333333, C=100.0, score=-11.868382, total=  12.2s
[CV] epsilon=3.69538348885, gamma=0.666666666667, C=100.0 ............
[CV]  epsilon=3.69538348885, gamma=0.666666666667, C=100.0, score=-11.552289, total=  13.3s
[CV] epsilon=0.461922936106, gamma=0.0416666666667, C=1000.0 .........
[CV]  epsilon=0.461922936106, gamma=0.0416666666667, C=1000.0, score=-12.022677, total=  19.1s
[CV] epsilon=0.461922936106, gamma=0.0833333333333, C=1000.0 .........
[CV]  epsilon=0.461922936106, gamma=0.0833333333333, C=1000.0, score=-11.755430, total=  23.0s
[CV] epsilon=0.461922936106, gamma=0.333333333333, C=1000.0 ..........
[CV]  epsilon=0.461922936106, gamma=0.333333333333, C=1000.0, score=-11.437162, total=  44.3s
[CV] epsilon=0.461922936106, gamma=1.33333333333, C=1000.0 ...........
[CV]  epsilon=0.461922936106, gamma=1.33333333333, C=1000.0, score=-11.944698, total= 2.4min
[CV] epsilon=0.923845872213, gamma=0.166666666667, C=1000.0 ..........
[CV]  epsilon=0.923845872213, gamma=0.166666666667, C=1000.0, score=-11.699926, total=  30.6s
[CV] epsilon=0.923845872213, gamma=0.333333333333, C=1000.0 ..........[CV] epsilon=0.461922936106, gamma=0.0416666666667, C=1.0 ............
[CV]  epsilon=0.461922936106, gamma=0.0416666666667, C=1.0, score=-13.615625, total=  12.6s
[CV] epsilon=0.461922936106, gamma=0.166666666667, C=1.0 .............
[CV]  epsilon=0.461922936106, gamma=0.166666666667, C=1.0, score=-13.030786, total=  12.5s
[CV] epsilon=0.461922936106, gamma=0.666666666667, C=1.0 .............
[CV]  epsilon=0.461922936106, gamma=0.666666666667, C=1.0, score=-12.954613, total=  12.4s
[CV] epsilon=0.461922936106, gamma=1.33333333333, C=1.0 ..............
[CV]  epsilon=0.461922936106, gamma=1.33333333333, C=1.0, score=-13.416919, total=  12.5s
[CV] epsilon=0.923845872213, gamma=0.0833333333333, C=1.0 ............
[CV]  epsilon=0.923845872213, gamma=0.0833333333333, C=1.0, score=-13.375149, total=  12.2s
[CV] epsilon=0.923845872213, gamma=0.333333333333, C=1.0 .............
[CV]  epsilon=0.923845872213, gamma=0.333333333333, C=1.0, score=-12.738167, total=  12.1s
[CV] epsilon=0.923845872213, gamma=0.666666666667, C=1.0 .............
[CV]  epsilon=0.923845872213, gamma=0.666666666667, C=1.0, score=-13.059578, total=  12.1s
[CV] epsilon=1.84769174443, gamma=0.0416666666667, C=1.0 .............
[CV]  epsilon=1.84769174443, gamma=0.0416666666667, C=1.0, score=-13.693178, total=  11.5s
[CV] epsilon=1.84769174443, gamma=0.0833333333333, C=1.0 .............
[CV]  epsilon=1.84769174443, gamma=0.0833333333333, C=1.0, score=-13.110211, total=  11.5s
[CV] epsilon=1.84769174443, gamma=0.166666666667, C=1.0 ..............
[CV]  epsilon=1.84769174443, gamma=0.166666666667, C=1.0, score=-13.106677, total=  11.4s
[CV] epsilon=1.84769174443, gamma=0.666666666667, C=1.0 ..............
[CV]  epsilon=1.84769174443, gamma=0.666666666667, C=1.0, score=-13.322744, total=  11.4s
[CV] epsilon=1.84769174443, gamma=1.33333333333, C=1.0 ...............
[CV]  epsilon=1.84769174443, gamma=1.33333333333, C=1.0, score=-13.439521, total=  11.5s
[CV] epsilon=3.69538348885, gamma=0.166666666667, C=1.0 ..............
[CV]  epsilon=3.69538348885, gamma=0.166666666667, C=1.0, score=-13.155336, total=  10.1s
[CV] epsilon=3.69538348885, gamma=0.666666666667, C=1.0 ..............
[CV]  epsilon=3.69538348885, gamma=0.666666666667, C=1.0, score=-13.038649, total=  10.1s
[CV] epsilon=3.69538348885, gamma=1.33333333333, C=1.0 ...............
[CV]  epsilon=3.69538348885, gamma=1.33333333333, C=1.0, score=-13.504443, total=  10.2s
[CV] epsilon=0.461922936106, gamma=0.0833333333333, C=10.0 ...........
[CV]  epsilon=0.461922936106, gamma=0.0833333333333, C=10.0, score=-12.220629, total=  12.9s
[CV] epsilon=0.461922936106, gamma=0.333333333333, C=10.0 ............
[CV]  epsilon=0.461922936106, gamma=0.333333333333, C=10.0, score=-12.126549, total=  13.0s
[CV] epsilon=0.461922936106, gamma=0.666666666667, C=10.0 ............
[CV]  epsilon=0.461922936106, gamma=0.666666666667, C=10.0, score=-11.889395, total=  13.0s
[CV] epsilon=0.923845872213, gamma=0.0416666666667, C=10.0 ...........
[CV]  epsilon=0.923845872213, gamma=0.0416666666667, C=10.0, score=-12.603162, total=  12.5s
[CV] epsilon=0.923845872213, gamma=0.0833333333333, C=10.0 ...........
[CV]  epsilon=0.923845872213, gamma=0.0833333333333, C=10.0, score=-12.344959, total=  12.6s
[CV] epsilon=0.923845872213, gamma=0.333333333333, C=10.0 ............
[CV]  epsilon=0.923845872213, gamma=0.333333333333, C=10.0, score=-11.913709, total=  12.4s
[CV] epsilon=0.923845872213, gamma=1.33333333333, C=10.0 .............
[CV]  epsilon=0.923845872213, gamma=1.33333333333, C=10.0, score=-11.837692, total=  12.8s
[CV] epsilon=1.84769174443, gamma=0.0416666666667, C=10.0 ............
[CV]  epsilon=1.84769174443, gamma=0.0416666666667, C=10.0, score=-12.940891, total=  11.8s
[CV] epsilon=1.84769174443, gamma=0.166666666667, C=10.0 .............
[CV]  epsilon=1.84769174443, gamma=0.166666666667, C=10.0, score=-12.308827, total=  11.7s
[CV] epsilon=1.84769174443, gamma=0.333333333333, C=10.0 .............
[CV]  epsilon=1.84769174443, gamma=0.333333333333, C=10.0, score=-12.030170, total=  11.6s
[CV] epsilon=1.84769174443, gamma=1.33333333333, C=10.0 ..............
[CV]  epsilon=1.84769174443, gamma=1.33333333333, C=10.0, score=-11.712208, total=  11.9s
[CV] epsilon=3.69538348885, gamma=0.0416666666667, C=10.0 ............
[CV]  epsilon=3.69538348885, gamma=0.0416666666667, C=10.0, score=-12.850235, total=  10.2s
[CV] epsilon=3.69538348885, gamma=0.166666666667, C=10.0 .............
[CV]  epsilon=3.69538348885, gamma=0.166666666667, C=10.0, score=-12.008271, total=  10.2s
[CV] epsilon=3.69538348885, gamma=0.333333333333, C=10.0 .............
[CV]  epsilon=3.69538348885, gamma=0.333333333333, C=10.0, score=-11.953581, total=   9.9s
[CV] epsilon=3.69538348885, gamma=1.33333333333, C=10.0 ..............
[CV]  epsilon=3.69538348885, gamma=1.33333333333, C=10.0, score=-11.788934, total=  10.3s
[CV] epsilon=0.461922936106, gamma=0.0833333333333, C=100.0 ..........
[CV]  epsilon=0.461922936106, gamma=0.0833333333333, C=100.0, score=-12.218985, total=  14.1s
[CV] epsilon=0.461922936106, gamma=0.166666666667, C=100.0 ...........
[CV]  epsilon=0.461922936106, gamma=0.166666666667, C=100.0, score=-11.913488, total=  15.1s
[CV] epsilon=0.461922936106, gamma=0.666666666667, C=100.0 ...........
[CV]  epsilon=0.461922936106, gamma=0.666666666667, C=100.0, score=-11.608009, total=  17.7s
[CV] epsilon=0.461922936106, gamma=1.33333333333, C=100.0 ............
[CV]  epsilon=0.461922936106, gamma=1.33333333333, C=100.0, score=-11.351610, total=  21.5s
[CV] epsilon=0.923845872213, gamma=0.0833333333333, C=100.0 ..........
[CV]  epsilon=0.923845872213, gamma=0.0833333333333, C=100.0, score=-12.167431, total=  13.7s
[CV] epsilon=0.923845872213, gamma=0.333333333333, C=100.0 ...........
[CV]  epsilon=0.923845872213, gamma=0.333333333333, C=100.0, score=-11.650542, total=  15.1s
[CV] epsilon=0.923845872213, gamma=0.666666666667, C=100.0 ...........
[CV]  epsilon=0.923845872213, gamma=0.666666666667, C=100.0, score=-11.360578, total=  16.7s
[CV] epsilon=1.84769174443, gamma=0.0416666666667, C=100.0 ...........
[CV]  epsilon=1.84769174443, gamma=0.0416666666667, C=100.0, score=-12.480980, total=  12.5s
[CV] epsilon=1.84769174443, gamma=0.0833333333333, C=100.0 ...........
[CV]  epsilon=1.84769174443, gamma=0.0833333333333, C=100.0, score=-12.163697, total=  12.7s
[CV] epsilon=1.84769174443, gamma=0.333333333333, C=100.0 ............
[CV]  epsilon=1.84769174443, gamma=0.333333333333, C=100.0, score=-11.633414, total=  14.1s
[CV] epsilon=1.84769174443, gamma=0.666666666667, C=100.0 ............
[CV]  epsilon=1.84769174443, gamma=0.666666666667, C=100.0, score=-11.353798, total=  15.2s
[CV] epsilon=3.69538348885, gamma=0.0416666666667, C=100.0 ...........
[CV]  epsilon=3.69538348885, gamma=0.0416666666667, C=100.0, score=-12.522189, total=  11.0s
[CV] epsilon=3.69538348885, gamma=0.0833333333333, C=100.0 ...........
[CV]  epsilon=3.69538348885, gamma=0.0833333333333, C=100.0, score=-12.159391, total=  11.2s
[CV] epsilon=3.69538348885, gamma=0.333333333333, C=100.0 ............
[CV]  epsilon=3.69538348885, gamma=0.333333333333, C=100.0, score=-11.673690, total=  12.0s
[CV] epsilon=3.69538348885, gamma=0.666666666667, C=100.0 ............
[CV]  epsilon=3.69538348885, gamma=0.666666666667, C=100.0, score=-11.452227, total=  13.7s
[CV] epsilon=0.461922936106, gamma=0.0416666666667, C=1000.0 .........
[CV]  epsilon=0.461922936106, gamma=0.0416666666667, C=1000.0, score=-12.235775, total=  19.1s
[CV] epsilon=0.461922936106, gamma=0.166666666667, C=1000.0 ..........
[CV]  epsilon=0.461922936106, gamma=0.166666666667, C=1000.0, score=-11.789302, total=  33.2s
[CV] epsilon=0.461922936106, gamma=0.333333333333, C=1000.0 ..........
[CV]  epsilon=0.461922936106, gamma=0.333333333333, C=1000.0, score=-11.403430, total=  44.3s
[CV] epsilon=0.461922936106, gamma=1.33333333333, C=1000.0 ...........
[CV]  epsilon=0.461922936106, gamma=1.33333333333, C=1000.0, score=-11.615390, total= 2.4min
[CV] epsilon=0.923845872213, gamma=0.166666666667, C=1000.0 ..........
[CV]  epsilon=0.923845872213, gamma=0.166666666667, C=1000.0, score=-11.672282, total=  29.9s
[CV] epsilon=0.923845872213, gamma=0.333333333333, C=1000.0 ..........[CV] epsilon=0.461922936106, gamma=0.0833333333333, C=1.0 ............
[CV]  epsilon=0.461922936106, gamma=0.0833333333333, C=1.0, score=-13.381869, total=  12.5s
[CV] epsilon=0.461922936106, gamma=0.166666666667, C=1.0 .............
[CV]  epsilon=0.461922936106, gamma=0.166666666667, C=1.0, score=-13.117681, total=  12.6s
[CV] epsilon=0.461922936106, gamma=0.666666666667, C=1.0 .............
[CV]  epsilon=0.461922936106, gamma=0.666666666667, C=1.0, score=-13.058675, total=  12.4s
[CV] epsilon=0.461922936106, gamma=1.33333333333, C=1.0 ..............
[CV]  epsilon=0.461922936106, gamma=1.33333333333, C=1.0, score=-13.400551, total=  12.5s
[CV] epsilon=0.923845872213, gamma=0.0833333333333, C=1.0 ............
[CV]  epsilon=0.923845872213, gamma=0.0833333333333, C=1.0, score=-13.318848, total=  12.2s
[CV] epsilon=0.923845872213, gamma=0.333333333333, C=1.0 .............
[CV]  epsilon=0.923845872213, gamma=0.333333333333, C=1.0, score=-13.017979, total=  12.0s
[CV] epsilon=0.923845872213, gamma=1.33333333333, C=1.0 ..............
[CV]  epsilon=0.923845872213, gamma=1.33333333333, C=1.0, score=-13.760234, total=  12.1s
[CV] epsilon=1.84769174443, gamma=0.0416666666667, C=1.0 .............
[CV]  epsilon=1.84769174443, gamma=0.0416666666667, C=1.0, score=-13.618862, total=  11.5s
[CV] epsilon=1.84769174443, gamma=0.0833333333333, C=1.0 .............
[CV]  epsilon=1.84769174443, gamma=0.0833333333333, C=1.0, score=-13.410358, total=  11.5s
[CV] epsilon=1.84769174443, gamma=0.333333333333, C=1.0 ..............
[CV]  epsilon=1.84769174443, gamma=0.333333333333, C=1.0, score=-13.105373, total=  11.3s
[CV] epsilon=1.84769174443, gamma=0.666666666667, C=1.0 ..............
[CV]  epsilon=1.84769174443, gamma=0.666666666667, C=1.0, score=-13.062835, total=  11.3s
[CV] epsilon=3.69538348885, gamma=0.0416666666667, C=1.0 .............
[CV]  epsilon=3.69538348885, gamma=0.0416666666667, C=1.0, score=-13.519590, total=  10.3s
[CV] epsilon=3.69538348885, gamma=0.0833333333333, C=1.0 .............
[CV]  epsilon=3.69538348885, gamma=0.0833333333333, C=1.0, score=-13.491436, total=  10.2s
[CV] epsilon=3.69538348885, gamma=0.166666666667, C=1.0 ..............
[CV]  epsilon=3.69538348885, gamma=0.166666666667, C=1.0, score=-13.112081, total=  10.2s
[CV] epsilon=3.69538348885, gamma=0.666666666667, C=1.0 ..............
[CV]  epsilon=3.69538348885, gamma=0.666666666667, C=1.0, score=-13.383251, total=  10.1s
[CV] epsilon=0.461922936106, gamma=0.0416666666667, C=10.0 ...........
[CV]  epsilon=0.461922936106, gamma=0.0416666666667, C=10.0, score=-12.857275, total=  12.9s
[CV] epsilon=0.461922936106, gamma=0.0833333333333, C=10.0 ...........
[CV]  epsilon=0.461922936106, gamma=0.0833333333333, C=10.0, score=-12.549750, total=  12.9s
[CV] epsilon=0.461922936106, gamma=0.333333333333, C=10.0 ............
[CV]  epsilon=0.461922936106, gamma=0.333333333333, C=10.0, score=-11.801993, total=  12.8s
[CV] epsilon=0.461922936106, gamma=0.666666666667, C=10.0 ............
[CV]  epsilon=0.461922936106, gamma=0.666666666667, C=10.0, score=-11.753363, total=  13.0s
[CV] epsilon=0.923845872213, gamma=0.0416666666667, C=10.0 ...........
[CV]  epsilon=0.923845872213, gamma=0.0416666666667, C=10.0, score=-12.931838, total=  12.5s
[CV] epsilon=0.923845872213, gamma=0.166666666667, C=10.0 ............
[CV]  epsilon=0.923845872213, gamma=0.166666666667, C=10.0, score=-12.292850, total=  12.5s
[CV] epsilon=0.923845872213, gamma=0.333333333333, C=10.0 ............
[CV]  epsilon=0.923845872213, gamma=0.333333333333, C=10.0, score=-12.026639, total=  12.6s
[CV] epsilon=0.923845872213, gamma=1.33333333333, C=10.0 .............
[CV]  epsilon=0.923845872213, gamma=1.33333333333, C=10.0, score=-11.714464, total=  12.8s
[CV] epsilon=1.84769174443, gamma=0.0833333333333, C=10.0 ............
[CV]  epsilon=1.84769174443, gamma=0.0833333333333, C=10.0, score=-12.548908, total=  11.8s
[CV] epsilon=1.84769174443, gamma=0.333333333333, C=10.0 .............
[CV]  epsilon=1.84769174443, gamma=0.333333333333, C=10.0, score=-12.154468, total=  11.8s
[CV] epsilon=1.84769174443, gamma=1.33333333333, C=10.0 ..............
[CV]  epsilon=1.84769174443, gamma=1.33333333333, C=10.0, score=-11.876266, total=  12.0s
[CV] epsilon=3.69538348885, gamma=0.0416666666667, C=10.0 ............
[CV]  epsilon=3.69538348885, gamma=0.0416666666667, C=10.0, score=-12.961810, total=  10.2s
[CV] epsilon=3.69538348885, gamma=0.0833333333333, C=10.0 ............
[CV]  epsilon=3.69538348885, gamma=0.0833333333333, C=10.0, score=-12.376194, total=  10.1s
[CV] epsilon=3.69538348885, gamma=0.333333333333, C=10.0 .............
[CV]  epsilon=3.69538348885, gamma=0.333333333333, C=10.0, score=-12.089214, total=   9.9s
[CV] epsilon=3.69538348885, gamma=1.33333333333, C=10.0 ..............
[CV]  epsilon=3.69538348885, gamma=1.33333333333, C=10.0, score=-11.802065, total=  10.1s
[CV] epsilon=0.461922936106, gamma=0.0416666666667, C=100.0 ..........
[CV]  epsilon=0.461922936106, gamma=0.0416666666667, C=100.0, score=-12.442525, total=  13.9s
[CV] epsilon=0.461922936106, gamma=0.166666666667, C=100.0 ...........
[CV]  epsilon=0.461922936106, gamma=0.166666666667, C=100.0, score=-11.757765, total=  14.6s
[CV] epsilon=0.461922936106, gamma=0.333333333333, C=100.0 ...........
[CV]  epsilon=0.461922936106, gamma=0.333333333333, C=100.0, score=-11.538028, total=  15.9s
[CV] epsilon=0.461922936106, gamma=1.33333333333, C=100.0 ............
[CV]  epsilon=0.461922936106, gamma=1.33333333333, C=100.0, score=-11.402657, total=  21.7s
[CV] epsilon=0.923845872213, gamma=0.0833333333333, C=100.0 ..........
[CV]  epsilon=0.923845872213, gamma=0.0833333333333, C=100.0, score=-11.970293, total=  13.7s
[CV] epsilon=0.923845872213, gamma=0.166666666667, C=100.0 ...........
[CV]  epsilon=0.923845872213, gamma=0.166666666667, C=100.0, score=-11.739704, total=  14.0s
[CV] epsilon=0.923845872213, gamma=0.666666666667, C=100.0 ...........
[CV]  epsilon=0.923845872213, gamma=0.666666666667, C=100.0, score=-11.428659, total=  16.4s
[CV] epsilon=1.84769174443, gamma=0.0416666666667, C=100.0 ...........
[CV]  epsilon=1.84769174443, gamma=0.0416666666667, C=100.0, score=-12.471504, total=  12.3s
[CV] epsilon=1.84769174443, gamma=0.0416666666667, C=100.0 ...........
[CV]  epsilon=1.84769174443, gamma=0.0416666666667, C=100.0, score=-12.274797, total=  12.2s
[CV] epsilon=1.84769174443, gamma=0.166666666667, C=100.0 ............
[CV]  epsilon=1.84769174443, gamma=0.166666666667, C=100.0, score=-11.890646, total=  13.5s
[CV] epsilon=1.84769174443, gamma=0.666666666667, C=100.0 ............
[CV]  epsilon=1.84769174443, gamma=0.666666666667, C=100.0, score=-11.616059, total=  16.1s
[CV] epsilon=1.84769174443, gamma=1.33333333333, C=100.0 .............
[CV]  epsilon=1.84769174443, gamma=1.33333333333, C=100.0, score=-11.391133, total=  19.0s
[CV] epsilon=3.69538348885, gamma=0.0833333333333, C=100.0 ...........
[CV]  epsilon=3.69538348885, gamma=0.0833333333333, C=100.0, score=-11.989672, total=  11.2s
[CV] epsilon=3.69538348885, gamma=0.333333333333, C=100.0 ............
[CV]  epsilon=3.69538348885, gamma=0.333333333333, C=100.0, score=-11.706307, total=  12.1s
[CV] epsilon=3.69538348885, gamma=1.33333333333, C=100.0 .............
[CV]  epsilon=3.69538348885, gamma=1.33333333333, C=100.0, score=-11.620352, total=  16.1s
[CV] epsilon=0.461922936106, gamma=0.0416666666667, C=1000.0 .........
[CV]  epsilon=0.461922936106, gamma=0.0416666666667, C=1000.0, score=-12.166785, total=  19.4s
[CV] epsilon=0.461922936106, gamma=0.166666666667, C=1000.0 ..........
[CV]  epsilon=0.461922936106, gamma=0.166666666667, C=1000.0, score=-11.628616, total=  30.1s
[CV] epsilon=0.461922936106, gamma=0.333333333333, C=1000.0 ..........
[CV]  epsilon=0.461922936106, gamma=0.333333333333, C=1000.0, score=-11.330208, total=  54.3s
[CV] epsilon=0.461922936106, gamma=1.33333333333, C=1000.0 ...........
[CV]  epsilon=0.461922936106, gamma=1.33333333333, C=1000.0, score=-11.641818, total= 2.6min
[CV] epsilon=0.923845872213, gamma=0.333333333333, C=1000.0 ..........
[CV]  epsilon=0.923845872213, gamma=0.333333333333, C=1000.0, score=-11.564490, total=  41.7s
[CV] epsilon=0.923845872213, gamma=0.666666666667, C=1000.0 ..........[CV] epsilon=0.461922936106, gamma=0.0416666666667, C=1.0 ............
[CV]  epsilon=0.461922936106, gamma=0.0416666666667, C=1.0, score=-13.397067, total=  12.5s
[CV] epsilon=0.461922936106, gamma=0.0833333333333, C=1.0 ............
[CV]  epsilon=0.461922936106, gamma=0.0833333333333, C=1.0, score=-13.315759, total=  12.5s
[CV] epsilon=0.461922936106, gamma=0.333333333333, C=1.0 .............
[CV]  epsilon=0.461922936106, gamma=0.333333333333, C=1.0, score=-13.001463, total=  12.4s
[CV] epsilon=0.461922936106, gamma=1.33333333333, C=1.0 ..............
[CV]  epsilon=0.461922936106, gamma=1.33333333333, C=1.0, score=-13.754035, total=  12.5s
[CV] epsilon=0.923845872213, gamma=0.0833333333333, C=1.0 ............
[CV]  epsilon=0.923845872213, gamma=0.0833333333333, C=1.0, score=-13.378761, total=  12.1s
[CV] epsilon=0.923845872213, gamma=0.166666666667, C=1.0 .............
[CV]  epsilon=0.923845872213, gamma=0.166666666667, C=1.0, score=-13.096941, total=  12.1s
[CV] epsilon=0.923845872213, gamma=0.666666666667, C=1.0 .............
[CV]  epsilon=0.923845872213, gamma=0.666666666667, C=1.0, score=-12.955404, total=  12.0s
[CV] epsilon=0.923845872213, gamma=1.33333333333, C=1.0 ..............
[CV]  epsilon=0.923845872213, gamma=1.33333333333, C=1.0, score=-13.413422, total=  12.1s
[CV] epsilon=1.84769174443, gamma=0.166666666667, C=1.0 ..............
[CV]  epsilon=1.84769174443, gamma=0.166666666667, C=1.0, score=-12.846249, total=  11.4s
[CV] epsilon=1.84769174443, gamma=0.333333333333, C=1.0 ..............
[CV]  epsilon=1.84769174443, gamma=0.333333333333, C=1.0, score=-12.876444, total=  11.3s
[CV] epsilon=1.84769174443, gamma=1.33333333333, C=1.0 ...............
[CV]  epsilon=1.84769174443, gamma=1.33333333333, C=1.0, score=-13.897557, total=  11.5s
[CV] epsilon=3.69538348885, gamma=0.0833333333333, C=1.0 .............
[CV]  epsilon=3.69538348885, gamma=0.0833333333333, C=1.0, score=-13.509933, total=  10.3s
[CV] epsilon=3.69538348885, gamma=0.166666666667, C=1.0 ..............
[CV]  epsilon=3.69538348885, gamma=0.166666666667, C=1.0, score=-13.252901, total=  10.2s
[CV] epsilon=3.69538348885, gamma=0.333333333333, C=1.0 ..............
[CV]  epsilon=3.69538348885, gamma=0.333333333333, C=1.0, score=-13.136273, total=  10.1s
[CV] epsilon=3.69538348885, gamma=1.33333333333, C=1.0 ...............
[CV]  epsilon=3.69538348885, gamma=1.33333333333, C=1.0, score=-13.614765, total=  10.2s
[CV] epsilon=0.461922936106, gamma=0.0833333333333, C=10.0 ...........
[CV]  epsilon=0.461922936106, gamma=0.0833333333333, C=10.0, score=-12.495047, total=  13.0s
[CV] epsilon=0.461922936106, gamma=0.166666666667, C=10.0 ............
[CV]  epsilon=0.461922936106, gamma=0.166666666667, C=10.0, score=-12.234170, total=  13.0s
[CV] epsilon=0.461922936106, gamma=0.666666666667, C=10.0 ............
[CV]  epsilon=0.461922936106, gamma=0.666666666667, C=10.0, score=-11.717813, total=  13.0s
[CV] epsilon=0.461922936106, gamma=1.33333333333, C=10.0 .............
[CV]  epsilon=0.461922936106, gamma=1.33333333333, C=10.0, score=-11.712423, total=  13.2s
[CV] epsilon=0.923845872213, gamma=0.0833333333333, C=10.0 ...........
[CV]  epsilon=0.923845872213, gamma=0.0833333333333, C=10.0, score=-12.474141, total=  12.5s
[CV] epsilon=0.923845872213, gamma=0.333333333333, C=10.0 ............
[CV]  epsilon=0.923845872213, gamma=0.333333333333, C=10.0, score=-12.130764, total=  12.6s
[CV] epsilon=0.923845872213, gamma=0.666666666667, C=10.0 ............
[CV]  epsilon=0.923845872213, gamma=0.666666666667, C=10.0, score=-11.764354, total=  12.3s
[CV] epsilon=1.84769174443, gamma=0.0416666666667, C=10.0 ............
[CV]  epsilon=1.84769174443, gamma=0.0416666666667, C=10.0, score=-12.607577, total=  11.8s
[CV] epsilon=1.84769174443, gamma=0.0833333333333, C=10.0 ............
[CV]  epsilon=1.84769174443, gamma=0.0833333333333, C=10.0, score=-12.503071, total=  11.8s
[CV] epsilon=1.84769174443, gamma=0.166666666667, C=10.0 .............
[CV]  epsilon=1.84769174443, gamma=0.166666666667, C=10.0, score=-12.215603, total=  11.8s
[CV] epsilon=1.84769174443, gamma=0.666666666667, C=10.0 .............
[CV]  epsilon=1.84769174443, gamma=0.666666666667, C=10.0, score=-11.721079, total=  11.6s
[CV] epsilon=1.84769174443, gamma=1.33333333333, C=10.0 ..............
[CV]  epsilon=1.84769174443, gamma=1.33333333333, C=10.0, score=-11.740055, total=  11.8s
[CV] epsilon=3.69538348885, gamma=0.166666666667, C=10.0 .............
[CV]  epsilon=3.69538348885, gamma=0.166666666667, C=10.0, score=-12.261224, total=   9.9s
[CV] epsilon=3.69538348885, gamma=0.666666666667, C=10.0 .............
[CV]  epsilon=3.69538348885, gamma=0.666666666667, C=10.0, score=-12.073451, total=  10.0s
[CV] epsilon=3.69538348885, gamma=1.33333333333, C=10.0 ..............
[CV]  epsilon=3.69538348885, gamma=1.33333333333, C=10.0, score=-11.755213, total=  10.3s
[CV] epsilon=0.461922936106, gamma=0.0833333333333, C=100.0 ..........
[CV]  epsilon=0.461922936106, gamma=0.0833333333333, C=100.0, score=-12.172730, total=  14.2s
[CV] epsilon=0.461922936106, gamma=0.333333333333, C=100.0 ...........
[CV]  epsilon=0.461922936106, gamma=0.333333333333, C=100.0, score=-11.819754, total=  15.6s
[CV] epsilon=0.461922936106, gamma=0.666666666667, C=100.0 ...........
[CV]  epsilon=0.461922936106, gamma=0.666666666667, C=100.0, score=-11.446994, total=  18.4s
[CV] epsilon=0.923845872213, gamma=0.0416666666667, C=100.0 ..........
[CV]  epsilon=0.923845872213, gamma=0.0416666666667, C=100.0, score=-12.219681, total=  13.4s
[CV] epsilon=0.923845872213, gamma=0.0416666666667, C=100.0 ..........
[CV]  epsilon=0.923845872213, gamma=0.0416666666667, C=100.0, score=-12.279740, total=  13.5s
[CV] epsilon=0.923845872213, gamma=0.166666666667, C=100.0 ...........
[CV]  epsilon=0.923845872213, gamma=0.166666666667, C=100.0, score=-11.878003, total=  14.4s
[CV] epsilon=0.923845872213, gamma=0.666666666667, C=100.0 ...........
[CV]  epsilon=0.923845872213, gamma=0.666666666667, C=100.0, score=-11.611880, total=  16.8s
[CV] epsilon=0.923845872213, gamma=1.33333333333, C=100.0 ............
[CV]  epsilon=0.923845872213, gamma=1.33333333333, C=100.0, score=-11.350646, total=  22.0s
[CV] epsilon=1.84769174443, gamma=0.0833333333333, C=100.0 ...........
[CV]  epsilon=1.84769174443, gamma=0.0833333333333, C=100.0, score=-11.977328, total=  12.8s
[CV] epsilon=1.84769174443, gamma=0.333333333333, C=100.0 ............
[CV]  epsilon=1.84769174443, gamma=0.333333333333, C=100.0, score=-11.647012, total=  14.0s
[CV] epsilon=1.84769174443, gamma=1.33333333333, C=100.0 .............
[CV]  epsilon=1.84769174443, gamma=1.33333333333, C=100.0, score=-11.560131, total=  19.3s
[CV] epsilon=3.69538348885, gamma=0.0416666666667, C=100.0 ...........
[CV]  epsilon=3.69538348885, gamma=0.0416666666667, C=100.0, score=-12.427144, total=  10.9s
[CV] epsilon=3.69538348885, gamma=0.166666666667, C=100.0 ............
[CV]  epsilon=3.69538348885, gamma=0.166666666667, C=100.0, score=-11.777153, total=  11.4s
[CV] epsilon=3.69538348885, gamma=0.333333333333, C=100.0 ............
[CV]  epsilon=3.69538348885, gamma=0.333333333333, C=100.0, score=-11.580933, total=  12.2s
[CV] epsilon=3.69538348885, gamma=1.33333333333, C=100.0 .............
[CV]  epsilon=3.69538348885, gamma=1.33333333333, C=100.0, score=-11.425303, total=  16.4s
[CV] epsilon=0.461922936106, gamma=0.0833333333333, C=1000.0 .........
[CV]  epsilon=0.461922936106, gamma=0.0833333333333, C=1000.0, score=-11.979467, total=  23.9s
[CV] epsilon=0.461922936106, gamma=0.166666666667, C=1000.0 ..........
[CV]  epsilon=0.461922936106, gamma=0.166666666667, C=1000.0, score=-11.679242, total=  29.6s
[CV] epsilon=0.461922936106, gamma=0.666666666667, C=1000.0 ..........
[CV]  epsilon=0.461922936106, gamma=0.666666666667, C=1000.0, score=-11.598266, total= 1.2min
[CV] epsilon=0.461922936106, gamma=1.33333333333, C=1000.0 ...........
[CV]  epsilon=0.461922936106, gamma=1.33333333333, C=1000.0, score=-11.388341, total= 2.4min
[CV] epsilon=0.923845872213, gamma=0.666666666667, C=1000.0 ..........
[CV]  epsilon=0.923845872213, gamma=0.666666666667, C=1000.0, score=-11.567653, total= 1.1min
[CV] epsilon=0.923845872213, gamma=1.33333333333, C=1000.0 ...........[CV] epsilon=0.461922936106, gamma=0.0416666666667, C=1.0 ............
[CV]  epsilon=0.461922936106, gamma=0.0416666666667, C=1.0, score=-13.669937, total=  12.6s
[CV] epsilon=0.461922936106, gamma=0.333333333333, C=1.0 .............
[CV]  epsilon=0.461922936106, gamma=0.333333333333, C=1.0, score=-13.067948, total=  12.4s
[CV] epsilon=0.461922936106, gamma=0.666666666667, C=1.0 .............
[CV]  epsilon=0.461922936106, gamma=0.666666666667, C=1.0, score=-13.290481, total=  12.5s
[CV] epsilon=0.923845872213, gamma=0.0416666666667, C=1.0 ............
[CV]  epsilon=0.923845872213, gamma=0.0416666666667, C=1.0, score=-13.698277, total=  12.1s
[CV] epsilon=0.923845872213, gamma=0.0416666666667, C=1.0 ............
[CV]  epsilon=0.923845872213, gamma=0.0416666666667, C=1.0, score=-13.671298, total=  12.2s
[CV] epsilon=0.923845872213, gamma=0.166666666667, C=1.0 .............
[CV]  epsilon=0.923845872213, gamma=0.166666666667, C=1.0, score=-13.155071, total=  12.2s
[CV] epsilon=0.923845872213, gamma=0.666666666667, C=1.0 .............
[CV]  epsilon=0.923845872213, gamma=0.666666666667, C=1.0, score=-13.288212, total=  12.1s
[CV] epsilon=0.923845872213, gamma=1.33333333333, C=1.0 ..............
[CV]  epsilon=0.923845872213, gamma=1.33333333333, C=1.0, score=-13.414656, total=  12.1s
[CV] epsilon=1.84769174443, gamma=0.166666666667, C=1.0 ..............
[CV]  epsilon=1.84769174443, gamma=0.166666666667, C=1.0, score=-13.169708, total=  11.4s
[CV] epsilon=1.84769174443, gamma=0.333333333333, C=1.0 ..............
[CV]  epsilon=1.84769174443, gamma=0.333333333333, C=1.0, score=-12.931134, total=  11.3s
[CV] epsilon=1.84769174443, gamma=1.33333333333, C=1.0 ...............
[CV]  epsilon=1.84769174443, gamma=1.33333333333, C=1.0, score=-13.530125, total=  11.5s
[CV] epsilon=3.69538348885, gamma=0.0416666666667, C=1.0 .............
[CV]  epsilon=3.69538348885, gamma=0.0416666666667, C=1.0, score=-13.713965, total=  10.3s
[CV] epsilon=3.69538348885, gamma=0.166666666667, C=1.0 ..............
[CV]  epsilon=3.69538348885, gamma=0.166666666667, C=1.0, score=-12.915785, total=  10.2s
[CV] epsilon=3.69538348885, gamma=0.333333333333, C=1.0 ..............
[CV]  epsilon=3.69538348885, gamma=0.333333333333, C=1.0, score=-12.945915, total=  10.1s
[CV] epsilon=3.69538348885, gamma=1.33333333333, C=1.0 ...............
[CV]  epsilon=3.69538348885, gamma=1.33333333333, C=1.0, score=-13.994854, total=  10.2s
[CV] epsilon=0.461922936106, gamma=0.0416666666667, C=10.0 ...........
[CV]  epsilon=0.461922936106, gamma=0.0416666666667, C=10.0, score=-12.806759, total=  12.8s
[CV] epsilon=0.461922936106, gamma=0.166666666667, C=10.0 ............
[CV]  epsilon=0.461922936106, gamma=0.166666666667, C=10.0, score=-12.135224, total=  13.0s
[CV] epsilon=0.461922936106, gamma=0.666666666667, C=10.0 ............
[CV]  epsilon=0.461922936106, gamma=0.666666666667, C=10.0, score=-11.978729, total=  13.0s
[CV] epsilon=0.461922936106, gamma=1.33333333333, C=10.0 .............
[CV]  epsilon=0.461922936106, gamma=1.33333333333, C=10.0, score=-11.709542, total=  13.2s
[CV] epsilon=0.923845872213, gamma=0.0833333333333, C=10.0 ...........
[CV]  epsilon=0.923845872213, gamma=0.0833333333333, C=10.0, score=-12.215259, total=  12.5s
[CV] epsilon=0.923845872213, gamma=0.166666666667, C=10.0 ............
[CV]  epsilon=0.923845872213, gamma=0.166666666667, C=10.0, score=-12.035426, total=  12.5s
[CV] epsilon=0.923845872213, gamma=0.666666666667, C=10.0 ............
[CV]  epsilon=0.923845872213, gamma=0.666666666667, C=10.0, score=-11.725852, total=  12.6s
[CV] epsilon=1.84769174443, gamma=0.0416666666667, C=10.0 ............
[CV]  epsilon=1.84769174443, gamma=0.0416666666667, C=10.0, score=-12.866711, total=  11.9s
[CV] epsilon=1.84769174443, gamma=0.0416666666667, C=10.0 ............
[CV]  epsilon=1.84769174443, gamma=0.0416666666667, C=10.0, score=-12.801546, total=  11.9s
[CV] epsilon=1.84769174443, gamma=0.166666666667, C=10.0 .............
[CV]  epsilon=1.84769174443, gamma=0.166666666667, C=10.0, score=-12.037326, total=  11.6s
[CV] epsilon=1.84769174443, gamma=0.666666666667, C=10.0 .............
[CV]  epsilon=1.84769174443, gamma=0.666666666667, C=10.0, score=-11.970826, total=  11.5s
[CV] epsilon=1.84769174443, gamma=1.33333333333, C=10.0 ..............
[CV]  epsilon=1.84769174443, gamma=1.33333333333, C=10.0, score=-11.712210, total=  11.9s
[CV] epsilon=3.69538348885, gamma=0.166666666667, C=10.0 .............
[CV]  epsilon=3.69538348885, gamma=0.166666666667, C=10.0, score=-12.212713, total=  10.1s
[CV] epsilon=3.69538348885, gamma=0.666666666667, C=10.0 .............
[CV]  epsilon=3.69538348885, gamma=0.666666666667, C=10.0, score=-11.775946, total=  10.0s
[CV] epsilon=3.69538348885, gamma=1.33333333333, C=10.0 ..............
[CV]  epsilon=3.69538348885, gamma=1.33333333333, C=10.0, score=-11.824858, total=  10.2s
[CV] epsilon=0.461922936106, gamma=0.0833333333333, C=100.0 ..........
[CV]  epsilon=0.461922936106, gamma=0.0833333333333, C=100.0, score=-11.968308, total=  14.0s
[CV] epsilon=0.461922936106, gamma=0.166666666667, C=100.0 ...........
[CV]  epsilon=0.461922936106, gamma=0.166666666667, C=100.0, score=-11.737240, total=  14.7s
[CV] epsilon=0.461922936106, gamma=0.666666666667, C=100.0 ...........
[CV]  epsilon=0.461922936106, gamma=0.666666666667, C=100.0, score=-11.426404, total=  17.9s
[CV] epsilon=0.923845872213, gamma=0.0416666666667, C=100.0 ..........
[CV]  epsilon=0.923845872213, gamma=0.0416666666667, C=100.0, score=-12.460923, total=  13.2s
[CV] epsilon=0.923845872213, gamma=0.0416666666667, C=100.0 ..........
[CV]  epsilon=0.923845872213, gamma=0.0416666666667, C=100.0, score=-12.461199, total=  13.2s
[CV] epsilon=0.923845872213, gamma=0.166666666667, C=100.0 ...........
[CV]  epsilon=0.923845872213, gamma=0.166666666667, C=100.0, score=-11.758250, total=  14.0s
[CV] epsilon=0.923845872213, gamma=0.333333333333, C=100.0 ...........
[CV]  epsilon=0.923845872213, gamma=0.333333333333, C=100.0, score=-11.537846, total=  15.0s
[CV] epsilon=0.923845872213, gamma=1.33333333333, C=100.0 ............
[CV]  epsilon=0.923845872213, gamma=1.33333333333, C=100.0, score=-11.397913, total=  20.1s
[CV] epsilon=1.84769174443, gamma=0.0833333333333, C=100.0 ...........
[CV]  epsilon=1.84769174443, gamma=0.0833333333333, C=100.0, score=-12.250341, total=  12.7s
[CV] epsilon=1.84769174443, gamma=0.166666666667, C=100.0 ............
[CV]  epsilon=1.84769174443, gamma=0.166666666667, C=100.0, score=-11.929749, total=  13.3s
[CV] epsilon=1.84769174443, gamma=0.666666666667, C=100.0 ............
[CV]  epsilon=1.84769174443, gamma=0.666666666667, C=100.0, score=-11.592945, total=  16.1s
[CV] epsilon=1.84769174443, gamma=1.33333333333, C=100.0 .............
[CV]  epsilon=1.84769174443, gamma=1.33333333333, C=100.0, score=-11.363002, total=  19.0s
[CV] epsilon=3.69538348885, gamma=0.166666666667, C=100.0 ............
[CV]  epsilon=3.69538348885, gamma=0.166666666667, C=100.0, score=-12.053333, total=  11.7s
[CV] epsilon=3.69538348885, gamma=0.333333333333, C=100.0 ............
[CV]  epsilon=3.69538348885, gamma=0.333333333333, C=100.0, score=-11.790742, total=  12.2s
[CV] epsilon=3.69538348885, gamma=1.33333333333, C=100.0 .............
[CV]  epsilon=3.69538348885, gamma=1.33333333333, C=100.0, score=-11.574679, total=  16.4s
[CV] epsilon=0.461922936106, gamma=0.0416666666667, C=1000.0 .........
[CV]  epsilon=0.461922936106, gamma=0.0416666666667, C=1000.0, score=-12.020697, total=  20.1s
[CV] epsilon=0.461922936106, gamma=0.166666666667, C=1000.0 ..........
[CV]  epsilon=0.461922936106, gamma=0.166666666667, C=1000.0, score=-11.704843, total=  30.2s
[CV] epsilon=0.461922936106, gamma=0.666666666667, C=1000.0 ..........
[CV]  epsilon=0.461922936106, gamma=0.666666666667, C=1000.0, score=-11.625642, total= 1.2min
[CV] epsilon=0.461922936106, gamma=1.33333333333, C=1000.0 ...........
[CV]  epsilon=0.461922936106, gamma=1.33333333333, C=1000.0, score=-11.644287, total= 2.7min
[CV] epsilon=0.923845872213, gamma=0.666666666667, C=1000.0 ..........
[CV]  epsilon=0.923845872213, gamma=0.666666666667, C=1000.0, score=-11.366174, total= 1.2min
[CV] epsilon=1.84769174443, gamma=0.0416666666667, C=1000.0 ..........
[CV]  epsilon=0.923845872213, gamma=1.33333333333, C=1000.0, score=-11.608450, total= 2.1min
[CV] epsilon=1.84769174443, gamma=0.333333333333, C=1000.0 ...........
[CV]  epsilon=1.84769174443, gamma=0.333333333333, C=1000.0, score=-11.313770, total=  34.5s
[CV] epsilon=1.84769174443, gamma=0.666666666667, C=1000.0 ...........
[CV]  epsilon=1.84769174443, gamma=0.666666666667, C=1000.0, score=-11.391630, total= 1.2min
[CV] epsilon=3.69538348885, gamma=0.0416666666667, C=1000.0 ..........
[CV]  epsilon=3.69538348885, gamma=0.0416666666667, C=1000.0, score=-12.158256, total=  15.6s
[CV] epsilon=3.69538348885, gamma=0.0833333333333, C=1000.0 ..........
[CV]  epsilon=3.69538348885, gamma=0.0833333333333, C=1000.0, score=-11.853114, total=  18.2s
[CV] epsilon=3.69538348885, gamma=0.166666666667, C=1000.0 ...........
[CV]  epsilon=3.69538348885, gamma=0.166666666667, C=1000.0, score=-11.847824, total=  22.1s
[CV] epsilon=3.69538348885, gamma=0.333333333333, C=1000.0 ...........
[CV]  epsilon=3.69538348885, gamma=0.333333333333, C=1000.0, score=-11.664329, total=  35.1s
[CV] epsilon=3.69538348885, gamma=0.666666666667, C=1000.0 ...........
[CV]  epsilon=3.69538348885, gamma=0.666666666667, C=1000.0, score=-11.355910, total=  55.7s
[CV] epsilon=0.461922936106, gamma=0.0416666666667, C=10000.0 ........
[CV]  epsilon=0.461922936106, gamma=0.0416666666667, C=10000.0, score=-11.901712, total= 1.2min
[CV] epsilon=0.461922936106, gamma=0.0833333333333, C=10000.0 ........
[CV]  epsilon=0.461922936106, gamma=0.0833333333333, C=10000.0, score=-11.654778, total= 1.9min
[CV] epsilon=0.461922936106, gamma=0.333333333333, C=10000.0 .........
[CV]  epsilon=0.461922936106, gamma=0.333333333333, C=10000.0, score=-11.413736, total= 7.5min
[CV] epsilon=0.461922936106, gamma=0.666666666667, C=10000.0 .........
[CV]  epsilon=0.461922936106, gamma=0.666666666667, C=10000.0, score=-11.450150, total=17.1min
[CV] epsilon=0.923845872213, gamma=0.0833333333333, C=10000.0 ........
[CV]  epsilon=0.923845872213, gamma=0.0833333333333, C=10000.0, score=-11.772159, total= 1.7min
[CV] epsilon=0.923845872213, gamma=0.166666666667, C=10000.0 .........
[CV]  epsilon=0.923845872213, gamma=0.166666666667, C=10000.0, score=-11.607789, total= 3.0min
[CV] epsilon=0.923845872213, gamma=0.166666666667, C=10000.0 .........
[CV]  epsilon=0.923845872213, gamma=0.166666666667, C=10000.0, score=-11.447509, total= 3.8min
[CV] epsilon=0.923845872213, gamma=0.333333333333, C=10000.0 .........
[CV]  epsilon=0.923845872213, gamma=0.333333333333, C=10000.0, score=-11.642596, total= 6.3min
[CV] epsilon=0.923845872213, gamma=0.666666666667, C=10000.0 .........
[CV]  epsilon=0.923845872213, gamma=0.666666666667, C=10000.0, score=-11.647141, total=18.5min
[CV] epsilon=1.84769174443, gamma=0.0833333333333, C=10000.0 .........
[CV]  epsilon=1.84769174443, gamma=0.0833333333333, C=10000.0, score=-11.870358, total= 1.8min
[CV] epsilon=1.84769174443, gamma=0.0833333333333, C=10000.0 .........
[CV]  epsilon=1.84769174443, gamma=0.0833333333333, C=10000.0, score=-11.689802, total= 1.9min
[CV] epsilon=1.84769174443, gamma=0.166666666667, C=10000.0 ..........
[CV]  epsilon=1.84769174443, gamma=0.166666666667, C=10000.0, score=-11.638213, total= 3.0min
[CV] epsilon=1.84769174443, gamma=0.166666666667, C=10000.0 ..........
[CV]  epsilon=1.84769174443, gamma=0.166666666667, C=10000.0, score=-11.330161, total= 3.5min
[CV] epsilon=1.84769174443, gamma=0.333333333333, C=10000.0 ..........
[CV]  epsilon=1.84769174443, gamma=0.333333333333, C=10000.0, score=-11.432960, total= 7.2min
[CV] epsilon=1.84769174443, gamma=0.333333333333, C=10000.0 ..........
[CV]  epsilon=1.84769174443, gamma=0.333333333333, C=10000.0, score=-11.441143, total= 7.1min
[CV] epsilon=1.84769174443, gamma=1.33333333333, C=10000.0 ...........
[CV]  epsilon=1.84769174443, gamma=1.33333333333, C=10000.0, score=-13.036020, total=31.1min
[CV] epsilon=3.69538348885, gamma=0.666666666667, C=10000.0 ..........
[CV]  epsilon=3.69538348885, gamma=0.666666666667, C=10000.0, score=-11.632555, total=13.1min

[CV]  epsilon=0.923845872213, gamma=0.333333333333, C=1000.0, score=-11.391285, total=  42.5s
[CV] epsilon=0.923845872213, gamma=1.33333333333, C=1000.0 ...........
[CV]  epsilon=0.923845872213, gamma=1.33333333333, C=1000.0, score=-11.598230, total= 2.1min
[CV] epsilon=1.84769174443, gamma=0.166666666667, C=1000.0 ...........
[CV]  epsilon=1.84769174443, gamma=0.166666666667, C=1000.0, score=-11.613588, total=  26.9s
[CV] epsilon=1.84769174443, gamma=0.333333333333, C=1000.0 ...........
[CV]  epsilon=1.84769174443, gamma=0.333333333333, C=1000.0, score=-11.460862, total=  46.6s
[CV] epsilon=1.84769174443, gamma=1.33333333333, C=1000.0 ............
[CV]  epsilon=1.84769174443, gamma=1.33333333333, C=1000.0, score=-11.572850, total= 2.2min
[CV] epsilon=3.69538348885, gamma=0.166666666667, C=1000.0 ...........
[CV]  epsilon=3.69538348885, gamma=0.166666666667, C=1000.0, score=-11.558308, total=  23.2s
[CV] epsilon=3.69538348885, gamma=0.666666666667, C=1000.0 ...........
[CV]  epsilon=3.69538348885, gamma=0.666666666667, C=1000.0, score=-11.673600, total=  50.7s
[CV] epsilon=3.69538348885, gamma=1.33333333333, C=1000.0 ............
[CV]  epsilon=3.69538348885, gamma=1.33333333333, C=1000.0, score=-11.484165, total= 1.5min
[CV] epsilon=0.461922936106, gamma=0.0833333333333, C=10000.0 ........
[CV]  epsilon=0.461922936106, gamma=0.0833333333333, C=10000.0, score=-11.766126, total= 1.6min
[CV] epsilon=0.461922936106, gamma=0.166666666667, C=10000.0 .........
[CV]  epsilon=0.461922936106, gamma=0.166666666667, C=10000.0, score=-11.358583, total= 3.6min
[CV] epsilon=0.461922936106, gamma=0.666666666667, C=10000.0 .........
[CV]  epsilon=0.461922936106, gamma=0.666666666667, C=10000.0, score=-11.683636, total=15.0min
[CV] epsilon=0.461922936106, gamma=1.33333333333, C=10000.0 ..........
[CV]  epsilon=0.461922936106, gamma=1.33333333333, C=10000.0, score=-12.416532, total=31.2min
[CV] epsilon=0.923845872213, gamma=1.33333333333, C=10000.0 ..........
[CV]  epsilon=0.923845872213, gamma=1.33333333333, C=10000.0, score=-12.752160, total=30.7min
[CV] epsilon=1.84769174443, gamma=0.666666666667, C=10000.0 ..........
[CV]  epsilon=1.84769174443, gamma=0.666666666667, C=10000.0, score=-11.540224, total=13.2min
[CV] epsilon=3.69538348885, gamma=0.0416666666667, C=10000.0 .........
[CV]  epsilon=3.69538348885, gamma=0.0416666666667, C=10000.0, score=-12.115882, total= 1.0min
[CV] epsilon=3.69538348885, gamma=0.0416666666667, C=10000.0 .........
[CV]  epsilon=3.69538348885, gamma=0.0416666666667, C=10000.0, score=-12.094182, total=  51.4s
[CV] epsilon=3.69538348885, gamma=0.0416666666667, C=10000.0 .........
[CV]  epsilon=3.69538348885, gamma=0.0416666666667, C=10000.0, score=-11.899024, total=  47.9s
[CV] epsilon=3.69538348885, gamma=0.0833333333333, C=10000.0 .........
[CV]  epsilon=3.69538348885, gamma=0.0833333333333, C=10000.0, score=-11.727422, total= 1.6min
[CV] epsilon=3.69538348885, gamma=0.166666666667, C=10000.0 ..........
[CV]  epsilon=3.69538348885, gamma=0.166666666667, C=10000.0, score=-11.710457, total= 3.0min
[CV] epsilon=3.69538348885, gamma=0.166666666667, C=10000.0 ..........
[CV]  epsilon=3.69538348885, gamma=0.166666666667, C=10000.0, score=-11.531628, total= 2.9min
[CV] epsilon=3.69538348885, gamma=0.333333333333, C=10000.0 ..........
[CV]  epsilon=3.69538348885, gamma=0.333333333333, C=10000.0, score=-11.643458, total= 6.1min
[CV] epsilon=3.69538348885, gamma=0.333333333333, C=10000.0 ..........
[CV]  epsilon=3.69538348885, gamma=0.333333333333, C=10000.0, score=-11.495551, total= 6.7min
[CV] epsilon=3.69538348885, gamma=0.666666666667, C=10000.0 ..........
[CV]  epsilon=3.69538348885, gamma=0.666666666667, C=10000.0, score=-11.563241, total=11.7min

[CV]  epsilon=0.923845872213, gamma=0.666666666667, C=1000.0, score=-11.403296, total= 1.2min
[CV] epsilon=1.84769174443, gamma=0.0416666666667, C=1000.0 ..........
[CV]  epsilon=1.84769174443, gamma=0.0416666666667, C=1000.0, score=-12.249122, total=  17.4s
[CV] epsilon=1.84769174443, gamma=0.0833333333333, C=1000.0 ..........
[CV]  epsilon=1.84769174443, gamma=0.0833333333333, C=1000.0, score=-11.996416, total=  20.6s
[CV] epsilon=1.84769174443, gamma=0.0833333333333, C=1000.0 ..........
[CV]  epsilon=1.84769174443, gamma=0.0833333333333, C=1000.0, score=-11.786287, total=  20.7s
[CV] epsilon=1.84769174443, gamma=0.333333333333, C=1000.0 ...........
[CV]  epsilon=1.84769174443, gamma=0.333333333333, C=1000.0, score=-11.585008, total=  38.7s
[CV] epsilon=1.84769174443, gamma=0.666666666667, C=1000.0 ...........
[CV]  epsilon=1.84769174443, gamma=0.666666666667, C=1000.0, score=-11.351928, total= 1.1min
[CV] epsilon=3.69538348885, gamma=0.0416666666667, C=1000.0 ..........
[CV]  epsilon=3.69538348885, gamma=0.0416666666667, C=1000.0, score=-12.299936, total=  15.6s
[CV] epsilon=3.69538348885, gamma=0.0416666666667, C=1000.0 ..........
[CV]  epsilon=3.69538348885, gamma=0.0416666666667, C=1000.0, score=-12.271547, total=  15.1s
[CV] epsilon=3.69538348885, gamma=0.0833333333333, C=1000.0 ..........
[CV]  epsilon=3.69538348885, gamma=0.0833333333333, C=1000.0, score=-12.050272, total=  19.3s
[CV] epsilon=3.69538348885, gamma=0.0833333333333, C=1000.0 ..........
[CV]  epsilon=3.69538348885, gamma=0.0833333333333, C=1000.0, score=-11.830518, total=  18.4s
[CV] epsilon=3.69538348885, gamma=0.166666666667, C=1000.0 ...........
[CV]  epsilon=3.69538348885, gamma=0.166666666667, C=1000.0, score=-11.744731, total=  22.0s
[CV] epsilon=3.69538348885, gamma=0.333333333333, C=1000.0 ...........
[CV]  epsilon=3.69538348885, gamma=0.333333333333, C=1000.0, score=-11.362955, total=  32.4s
[CV] epsilon=3.69538348885, gamma=1.33333333333, C=1000.0 ............
[CV]  epsilon=3.69538348885, gamma=1.33333333333, C=1000.0, score=-11.575684, total= 1.6min
[CV] epsilon=0.461922936106, gamma=0.0833333333333, C=10000.0 ........
[CV]  epsilon=0.461922936106, gamma=0.0833333333333, C=10000.0, score=-11.818874, total= 2.1min
[CV] epsilon=0.461922936106, gamma=0.333333333333, C=10000.0 .........
[CV]  epsilon=0.461922936106, gamma=0.333333333333, C=10000.0, score=-11.765600, total= 7.2min
[CV] epsilon=0.461922936106, gamma=0.666666666667, C=10000.0 .........
[CV]  epsilon=0.461922936106, gamma=0.666666666667, C=10000.0, score=-11.461010, total=13.8min
[CV] epsilon=0.923845872213, gamma=0.0416666666667, C=10000.0 ........
[CV]  epsilon=0.923845872213, gamma=0.0416666666667, C=10000.0, score=-12.077312, total= 1.1min
[CV] epsilon=0.923845872213, gamma=0.0416666666667, C=10000.0 ........
[CV]  epsilon=0.923845872213, gamma=0.0416666666667, C=10000.0, score=-11.866377, total= 1.0min
[CV] epsilon=0.923845872213, gamma=0.0833333333333, C=10000.0 ........
[CV]  epsilon=0.923845872213, gamma=0.0833333333333, C=10000.0, score=-11.700949, total= 2.1min
[CV] epsilon=0.923845872213, gamma=0.0833333333333, C=10000.0 ........
[CV]  epsilon=0.923845872213, gamma=0.0833333333333, C=10000.0, score=-11.557100, total= 1.6min
[CV] epsilon=0.923845872213, gamma=0.166666666667, C=10000.0 .........
[CV]  epsilon=0.923845872213, gamma=0.166666666667, C=10000.0, score=-11.621988, total= 3.1min
[CV] epsilon=0.923845872213, gamma=0.166666666667, C=10000.0 .........
[CV]  epsilon=0.923845872213, gamma=0.166666666667, C=10000.0, score=-11.357766, total= 3.4min
[CV] epsilon=0.923845872213, gamma=0.333333333333, C=10000.0 .........
[CV]  epsilon=0.923845872213, gamma=0.333333333333, C=10000.0, score=-11.422168, total= 6.9min
[CV] epsilon=0.923845872213, gamma=0.666666666667, C=10000.0 .........
[CV]  epsilon=0.923845872213, gamma=0.666666666667, C=10000.0, score=-11.511066, total=13.0min
[CV] epsilon=0.923845872213, gamma=1.33333333333, C=10000.0 ..........
[CV]  epsilon=0.923845872213, gamma=1.33333333333, C=10000.0, score=-12.462785, total=27.4min
[CV] epsilon=1.84769174443, gamma=0.666666666667, C=10000.0 ..........
[CV]  epsilon=1.84769174443, gamma=0.666666666667, C=10000.0, score=-11.449287, total=13.0min
[CV] epsilon=3.69538348885, gamma=0.0416666666667, C=10000.0 .........
[CV]  epsilon=3.69538348885, gamma=0.0416666666667, C=10000.0, score=-11.914697, total=  50.9s
[CV] epsilon=3.69538348885, gamma=0.0416666666667, C=10000.0 .........
[CV]  epsilon=3.69538348885, gamma=0.0416666666667, C=10000.0, score=-11.963235, total= 1.0min
[CV] epsilon=3.69538348885, gamma=0.0833333333333, C=10000.0 .........
[CV]  epsilon=3.69538348885, gamma=0.0833333333333, C=10000.0, score=-11.855828, total= 1.3min
[CV] epsilon=3.69538348885, gamma=0.0833333333333, C=10000.0 .........
[CV]  epsilon=3.69538348885, gamma=0.0833333333333, C=10000.0, score=-11.581936, total= 1.4min
[CV] epsilon=3.69538348885, gamma=0.166666666667, C=10000.0 ..........
[CV]  epsilon=3.69538348885, gamma=0.166666666667, C=10000.0, score=-11.667311, total= 2.9min
[CV] epsilon=3.69538348885, gamma=0.333333333333, C=10000.0 ..........
[CV]  epsilon=3.69538348885, gamma=0.333333333333, C=10000.0, score=-11.887275, total= 6.2min
[CV] epsilon=3.69538348885, gamma=0.333333333333, C=10000.0 ..........
[CV]  epsilon=3.69538348885, gamma=0.333333333333, C=10000.0, score=-11.497977, total= 6.7min
[CV] epsilon=3.69538348885, gamma=0.666666666667, C=10000.0 ..........
[CV]  epsilon=3.69538348885, gamma=0.666666666667, C=10000.0, score=-11.536323, total=13.5min

[CV]  epsilon=1.84769174443, gamma=0.0416666666667, C=1000.0, score=-12.250118, total=  18.7s
[CV] epsilon=1.84769174443, gamma=0.0416666666667, C=1000.0 ..........
[CV]  epsilon=1.84769174443, gamma=0.0416666666667, C=1000.0, score=-12.169474, total=  17.9s
[CV] epsilon=1.84769174443, gamma=0.0833333333333, C=1000.0 ..........
[CV]  epsilon=1.84769174443, gamma=0.0833333333333, C=1000.0, score=-11.819542, total=  22.6s
[CV] epsilon=1.84769174443, gamma=0.166666666667, C=1000.0 ...........
[CV]  epsilon=1.84769174443, gamma=0.166666666667, C=1000.0, score=-11.785850, total=  25.7s
[CV] epsilon=1.84769174443, gamma=0.333333333333, C=1000.0 ...........
[CV]  epsilon=1.84769174443, gamma=0.333333333333, C=1000.0, score=-11.549911, total=  37.9s
[CV] epsilon=1.84769174443, gamma=0.666666666667, C=1000.0 ...........
[CV]  epsilon=1.84769174443, gamma=0.666666666667, C=1000.0, score=-11.262490, total= 1.0min
[CV] epsilon=3.69538348885, gamma=0.0416666666667, C=1000.0 ..........
[CV]  epsilon=3.69538348885, gamma=0.0416666666667, C=1000.0, score=-12.080370, total=  15.6s
[CV] epsilon=3.69538348885, gamma=0.0416666666667, C=1000.0 ..........
[CV]  epsilon=3.69538348885, gamma=0.0416666666667, C=1000.0, score=-12.040908, total=  15.5s
[CV] epsilon=3.69538348885, gamma=0.0833333333333, C=1000.0 ..........
[CV]  epsilon=3.69538348885, gamma=0.0833333333333, C=1000.0, score=-12.011498, total=  18.8s
[CV] epsilon=3.69538348885, gamma=0.166666666667, C=1000.0 ...........
[CV]  epsilon=3.69538348885, gamma=0.166666666667, C=1000.0, score=-11.654159, total=  24.7s
[CV] epsilon=3.69538348885, gamma=0.333333333333, C=1000.0 ...........
[CV]  epsilon=3.69538348885, gamma=0.333333333333, C=1000.0, score=-11.520278, total=  32.2s
[CV] epsilon=3.69538348885, gamma=0.666666666667, C=1000.0 ...........
[CV]  epsilon=3.69538348885, gamma=0.666666666667, C=1000.0, score=-11.455578, total= 1.1min
[CV] epsilon=0.461922936106, gamma=0.0416666666667, C=10000.0 ........
[CV]  epsilon=0.461922936106, gamma=0.0416666666667, C=10000.0, score=-12.064619, total= 1.1min
[CV] epsilon=0.461922936106, gamma=0.0833333333333, C=10000.0 ........
[CV]  epsilon=0.461922936106, gamma=0.0833333333333, C=10000.0, score=-11.560444, total= 1.7min
[CV] epsilon=0.461922936106, gamma=0.333333333333, C=10000.0 .........
[CV]  epsilon=0.461922936106, gamma=0.333333333333, C=10000.0, score=-11.680021, total= 7.9min
[CV] epsilon=0.461922936106, gamma=1.33333333333, C=10000.0 ..........
[CV]  epsilon=0.461922936106, gamma=1.33333333333, C=10000.0, score=-13.140102, total=28.0min
[CV] epsilon=0.923845872213, gamma=0.333333333333, C=10000.0 .........
[CV]  epsilon=0.923845872213, gamma=0.333333333333, C=10000.0, score=-11.393479, total= 6.2min
[CV] epsilon=0.923845872213, gamma=0.666666666667, C=10000.0 .........
[CV]  epsilon=0.923845872213, gamma=0.666666666667, C=10000.0, score=-11.472082, total=14.2min
[CV] epsilon=1.84769174443, gamma=0.0416666666667, C=10000.0 .........
[CV]  epsilon=1.84769174443, gamma=0.0416666666667, C=10000.0, score=-11.901520, total= 1.0min
[CV] epsilon=1.84769174443, gamma=0.0416666666667, C=10000.0 .........
[CV]  epsilon=1.84769174443, gamma=0.0416666666667, C=10000.0, score=-11.963522, total= 1.1min
[CV] epsilon=1.84769174443, gamma=0.0833333333333, C=10000.0 .........
[CV]  epsilon=1.84769174443, gamma=0.0833333333333, C=10000.0, score=-11.674395, total= 1.6min
[CV] epsilon=1.84769174443, gamma=0.0833333333333, C=10000.0 .........
[CV]  epsilon=1.84769174443, gamma=0.0833333333333, C=10000.0, score=-11.545093, total= 1.6min
[CV] epsilon=1.84769174443, gamma=0.166666666667, C=10000.0 ..........
[CV]  epsilon=1.84769174443, gamma=0.166666666667, C=10000.0, score=-11.556677, total= 3.2min
[CV] epsilon=1.84769174443, gamma=0.333333333333, C=10000.0 ..........
[CV]  epsilon=1.84769174443, gamma=0.333333333333, C=10000.0, score=-11.799450, total= 7.4min
[CV] epsilon=1.84769174443, gamma=0.333333333333, C=10000.0 ..........
[CV]  epsilon=1.84769174443, gamma=0.333333333333, C=10000.0, score=-11.428770, total= 7.0min
[CV] epsilon=1.84769174443, gamma=0.666666666667, C=10000.0 ..........
[CV]  epsilon=1.84769174443, gamma=0.666666666667, C=10000.0, score=-11.630695, total=13.0min
[CV] epsilon=1.84769174443, gamma=1.33333333333, C=10000.0 ...........
[CV]  epsilon=1.84769174443, gamma=1.33333333333, C=10000.0, score=-12.396258, total=25.6min
[CV] epsilon=3.69538348885, gamma=1.33333333333, C=10000.0 ...........
[CV]  epsilon=3.69538348885, gamma=1.33333333333, C=10000.0, score=-12.890467, total=17.5min

[CV]  epsilon=0.923845872213, gamma=0.0833333333333, C=1000.0, score=-11.803814, total=  23.7s
[CV] epsilon=0.923845872213, gamma=0.0833333333333, C=1000.0 .........
[CV]  epsilon=0.923845872213, gamma=0.0833333333333, C=1000.0, score=-11.756764, total=  21.7s
[CV] epsilon=0.923845872213, gamma=0.166666666667, C=1000.0 ..........
[CV]  epsilon=0.923845872213, gamma=0.166666666667, C=1000.0, score=-11.527435, total=  30.5s
[CV] epsilon=0.923845872213, gamma=0.666666666667, C=1000.0 ..........
[CV]  epsilon=0.923845872213, gamma=0.666666666667, C=1000.0, score=-11.614547, total= 1.3min
[CV] epsilon=0.923845872213, gamma=1.33333333333, C=1000.0 ...........
[CV]  epsilon=0.923845872213, gamma=1.33333333333, C=1000.0, score=-11.397432, total= 2.7min
[CV] epsilon=1.84769174443, gamma=1.33333333333, C=1000.0 ............
[CV]  epsilon=1.84769174443, gamma=1.33333333333, C=1000.0, score=-11.955389, total= 1.7min
[CV] epsilon=3.69538348885, gamma=0.0833333333333, C=1000.0 ..........
[CV]  epsilon=3.69538348885, gamma=0.0833333333333, C=1000.0, score=-11.940355, total=  18.5s
[CV] epsilon=3.69538348885, gamma=0.166666666667, C=1000.0 ...........
[CV]  epsilon=3.69538348885, gamma=0.166666666667, C=1000.0, score=-11.757750, total=  23.8s
[CV] epsilon=3.69538348885, gamma=0.333333333333, C=1000.0 ...........
[CV]  epsilon=3.69538348885, gamma=0.333333333333, C=1000.0, score=-11.453381, total=  33.6s
[CV] epsilon=3.69538348885, gamma=1.33333333333, C=1000.0 ............
[CV]  epsilon=3.69538348885, gamma=1.33333333333, C=1000.0, score=-11.581580, total= 1.6min
[CV] epsilon=0.461922936106, gamma=0.0416666666667, C=10000.0 ........
[CV]  epsilon=0.461922936106, gamma=0.0416666666667, C=10000.0, score=-11.875915, total= 1.1min
[CV] epsilon=0.461922936106, gamma=0.166666666667, C=10000.0 .........
[CV]  epsilon=0.461922936106, gamma=0.166666666667, C=10000.0, score=-11.598593, total= 3.5min
[CV] epsilon=0.461922936106, gamma=0.666666666667, C=10000.0 .........
[CV]  epsilon=0.461922936106, gamma=0.666666666667, C=10000.0, score=-11.966220, total=16.8min
[CV] epsilon=0.923845872213, gamma=0.0416666666667, C=10000.0 ........
[CV]  epsilon=0.923845872213, gamma=0.0416666666667, C=10000.0, score=-12.044947, total= 1.0min
[CV] epsilon=0.923845872213, gamma=0.0416666666667, C=10000.0 ........
[CV]  epsilon=0.923845872213, gamma=0.0416666666667, C=10000.0, score=-11.910453, total= 1.2min
[CV] epsilon=0.923845872213, gamma=0.0416666666667, C=10000.0 ........
[CV]  epsilon=0.923845872213, gamma=0.0416666666667, C=10000.0, score=-11.960493, total= 1.2min
[CV] epsilon=0.923845872213, gamma=0.0833333333333, C=10000.0 ........
[CV]  epsilon=0.923845872213, gamma=0.0833333333333, C=10000.0, score=-11.836534, total= 1.6min
[CV] epsilon=0.923845872213, gamma=0.0833333333333, C=10000.0 ........
[CV]  epsilon=0.923845872213, gamma=0.0833333333333, C=10000.0, score=-11.670734, total= 2.1min
[CV] epsilon=0.923845872213, gamma=0.166666666667, C=10000.0 .........
[CV]  epsilon=0.923845872213, gamma=0.166666666667, C=10000.0, score=-11.558793, total= 3.8min
[CV] epsilon=0.923845872213, gamma=0.333333333333, C=10000.0 .........
[CV]  epsilon=0.923845872213, gamma=0.333333333333, C=10000.0, score=-11.782893, total= 7.3min
[CV] epsilon=0.923845872213, gamma=0.666666666667, C=10000.0 .........
[CV]  epsilon=0.923845872213, gamma=0.666666666667, C=10000.0, score=-11.954645, total=15.5min
[CV] epsilon=0.923845872213, gamma=1.33333333333, C=10000.0 ..........
[CV]  epsilon=0.923845872213, gamma=1.33333333333, C=10000.0, score=-12.371831, total=37.0min
[CV] epsilon=1.84769174443, gamma=1.33333333333, C=10000.0 ...........
[CV]  epsilon=1.84769174443, gamma=1.33333333333, C=10000.0, score=-12.722962, total=29.2min
[CV] epsilon=3.69538348885, gamma=1.33333333333, C=10000.0 ...........
[CV]  epsilon=3.69538348885, gamma=1.33333333333, C=10000.0, score=-12.681063, total=18.1min

[CV]  epsilon=0.923845872213, gamma=0.333333333333, C=1000.0, score=-11.322039, total=  40.2s
[CV] epsilon=0.923845872213, gamma=1.33333333333, C=1000.0 ...........
[CV]  epsilon=0.923845872213, gamma=1.33333333333, C=1000.0, score=-11.614305, total= 2.1min
[CV] epsilon=1.84769174443, gamma=0.166666666667, C=1000.0 ...........
[CV]  epsilon=1.84769174443, gamma=0.166666666667, C=1000.0, score=-11.696928, total=  26.2s
[CV] epsilon=1.84769174443, gamma=0.333333333333, C=1000.0 ...........
[CV]  epsilon=1.84769174443, gamma=0.333333333333, C=1000.0, score=-11.408773, total=  40.6s
[CV] epsilon=1.84769174443, gamma=1.33333333333, C=1000.0 ............
[CV]  epsilon=1.84769174443, gamma=1.33333333333, C=1000.0, score=-11.554994, total= 2.4min
[CV] epsilon=3.69538348885, gamma=0.333333333333, C=1000.0 ...........
[CV]  epsilon=3.69538348885, gamma=0.333333333333, C=1000.0, score=-11.620660, total=  34.2s
[CV] epsilon=3.69538348885, gamma=1.33333333333, C=1000.0 ............
[CV]  epsilon=3.69538348885, gamma=1.33333333333, C=1000.0, score=-12.002146, total= 1.6min
[CV] epsilon=0.461922936106, gamma=0.0416666666667, C=10000.0 ........
[CV]  epsilon=0.461922936106, gamma=0.0416666666667, C=10000.0, score=-11.948015, total= 1.1min
[CV] epsilon=0.461922936106, gamma=0.166666666667, C=10000.0 .........
[CV]  epsilon=0.461922936106, gamma=0.166666666667, C=10000.0, score=-11.554873, total= 3.1min
[CV] epsilon=0.461922936106, gamma=0.333333333333, C=10000.0 .........
[CV]  epsilon=0.461922936106, gamma=0.333333333333, C=10000.0, score=-11.511059, total= 6.7min
[CV] epsilon=0.461922936106, gamma=1.33333333333, C=10000.0 ..........
[CV]  epsilon=0.461922936106, gamma=1.33333333333, C=10000.0, score=-12.447515, total=33.5min
[CV] epsilon=0.923845872213, gamma=0.666666666667, C=10000.0 .........
[CV]  epsilon=0.923845872213, gamma=0.666666666667, C=10000.0, score=-11.438122, total=13.2min
[CV] epsilon=1.84769174443, gamma=0.0416666666667, C=10000.0 .........
[CV]  epsilon=1.84769174443, gamma=0.0416666666667, C=10000.0, score=-12.053683, total= 1.0min
[CV] epsilon=1.84769174443, gamma=0.0416666666667, C=10000.0 .........
[CV]  epsilon=1.84769174443, gamma=0.0416666666667, C=10000.0, score=-12.079793, total= 1.1min
[CV] epsilon=1.84769174443, gamma=0.0416666666667, C=10000.0 .........
[CV]  epsilon=1.84769174443, gamma=0.0416666666667, C=10000.0, score=-11.876492, total=  56.6s
[CV] epsilon=1.84769174443, gamma=0.0833333333333, C=10000.0 .........
[CV]  epsilon=1.84769174443, gamma=0.0833333333333, C=10000.0, score=-11.799546, total= 1.9min
[CV] epsilon=1.84769174443, gamma=0.166666666667, C=10000.0 ..........
[CV]  epsilon=1.84769174443, gamma=0.166666666667, C=10000.0, score=-11.619381, total= 2.9min
[CV] epsilon=1.84769174443, gamma=0.166666666667, C=10000.0 ..........
[CV]  epsilon=1.84769174443, gamma=0.166666666667, C=10000.0, score=-11.437371, total= 4.0min
[CV] epsilon=1.84769174443, gamma=0.333333333333, C=10000.0 ..........
[CV]  epsilon=1.84769174443, gamma=0.333333333333, C=10000.0, score=-11.637294, total= 8.4min
[CV] epsilon=1.84769174443, gamma=0.666666666667, C=10000.0 ..........
[CV]  epsilon=1.84769174443, gamma=0.666666666667, C=10000.0, score=-11.966490, total=16.1min
[CV] epsilon=1.84769174443, gamma=1.33333333333, C=10000.0 ...........
[CV]  epsilon=1.84769174443, gamma=1.33333333333, C=10000.0, score=-12.331353, total=27.1min
[CV] epsilon=3.69538348885, gamma=1.33333333333, C=10000.0 ...........
[CV]  epsilon=3.69538348885, gamma=1.33333333333, C=10000.0, score=-12.405833, total=19.8min

[CV]  epsilon=0.923845872213, gamma=0.0833333333333, C=1000.0, score=-11.978431, total=  21.7s
[CV] epsilon=0.923845872213, gamma=0.0833333333333, C=1000.0 .........
[CV]  epsilon=0.923845872213, gamma=0.0833333333333, C=1000.0, score=-11.879805, total=  22.2s
[CV] epsilon=0.923845872213, gamma=0.166666666667, C=1000.0 ..........
[CV]  epsilon=0.923845872213, gamma=0.166666666667, C=1000.0, score=-11.613108, total=  30.0s
[CV] epsilon=0.923845872213, gamma=0.333333333333, C=1000.0 ..........
[CV]  epsilon=0.923845872213, gamma=0.333333333333, C=1000.0, score=-11.453817, total=  42.5s
[CV] epsilon=0.923845872213, gamma=1.33333333333, C=1000.0 ...........
[CV]  epsilon=0.923845872213, gamma=1.33333333333, C=1000.0, score=-11.931683, total= 2.0min
[CV] epsilon=1.84769174443, gamma=0.0833333333333, C=1000.0 ..........
[CV]  epsilon=1.84769174443, gamma=0.0833333333333, C=1000.0, score=-11.908762, total=  19.1s
[CV] epsilon=1.84769174443, gamma=0.166666666667, C=1000.0 ...........
[CV]  epsilon=1.84769174443, gamma=0.166666666667, C=1000.0, score=-11.515868, total=  27.0s
[CV] epsilon=1.84769174443, gamma=0.666666666667, C=1000.0 ...........
[CV]  epsilon=1.84769174443, gamma=0.666666666667, C=1000.0, score=-11.532003, total= 1.2min
[CV] epsilon=1.84769174443, gamma=1.33333333333, C=1000.0 ............
[CV]  epsilon=1.84769174443, gamma=1.33333333333, C=1000.0, score=-11.396332, total= 2.1min
[CV] epsilon=3.69538348885, gamma=0.666666666667, C=1000.0 ...........
[CV]  epsilon=3.69538348885, gamma=0.666666666667, C=1000.0, score=-11.336779, total= 1.1min
[CV] epsilon=0.461922936106, gamma=0.0416666666667, C=10000.0 ........
[CV]  epsilon=0.461922936106, gamma=0.0416666666667, C=10000.0, score=-12.036528, total= 1.0min
[CV] epsilon=0.461922936106, gamma=0.0833333333333, C=10000.0 ........
[CV]  epsilon=0.461922936106, gamma=0.0833333333333, C=10000.0, score=-11.711009, total= 1.7min
[CV] epsilon=0.461922936106, gamma=0.166666666667, C=10000.0 .........
[CV]  epsilon=0.461922936106, gamma=0.166666666667, C=10000.0, score=-11.439163, total= 3.8min
[CV] epsilon=0.461922936106, gamma=0.666666666667, C=10000.0 .........
[CV]  epsilon=0.461922936106, gamma=0.666666666667, C=10000.0, score=-11.514005, total=15.3min
[CV] epsilon=0.461922936106, gamma=1.33333333333, C=10000.0 ..........
[CV]  epsilon=0.461922936106, gamma=1.33333333333, C=10000.0, score=-12.495974, total=29.8min
[CV] epsilon=0.923845872213, gamma=1.33333333333, C=10000.0 ..........
[CV]  epsilon=0.923845872213, gamma=1.33333333333, C=10000.0, score=-12.442972, total=35.7min
[CV] epsilon=1.84769174443, gamma=1.33333333333, C=10000.0 ...........
[CV]  epsilon=1.84769174443, gamma=1.33333333333, C=10000.0, score=-12.455395, total=27.6min
[CV] epsilon=3.69538348885, gamma=0.666666666667, C=10000.0 ..........
[CV]  epsilon=3.69538348885, gamma=0.666666666667, C=10000.0, score=-11.661844, total=13.1min
[CV] epsilon=3.69538348885, gamma=1.33333333333, C=10000.0 ...........
[CV]  epsilon=3.69538348885, gamma=1.33333333333, C=10000.0, score=-12.419149, total=14.8min
Tiempo de búsqueda:  10256.79117512703
Mejor C:  1000.0  Mejor gamma:  0.666666666667  Mejor epsilon:  1.84769174443
[Parallel(n_jobs=8)]: Done   2 tasks      | elapsed:   18.7s
[Parallel(n_jobs=8)]: Done  56 tasks      | elapsed:  2.2min
[Parallel(n_jobs=8)]: Done 146 tasks      | elapsed:  5.6min
[Parallel(n_jobs=8)]: Done 272 tasks      | elapsed: 10.2min
[Parallel(n_jobs=8)]: Done 434 tasks      | elapsed: 22.4min
[Parallel(n_jobs=8)]: Done 600 out of 600 | elapsed: 170.6min finished
[CV]  ................................................................
[CV] ............................... , score=-11.263827, total= 1.7min
[CV]  ................................................................
[CV] ............................... , score=-11.767256, total= 1.7min
[CV]  ................................................................
[CV] ............................... , score=-11.889694, total= 1.8min
[CV]  ................................................................
[CV] ............................... , score=-11.092863, total= 1.8min
[CV]  ................................................................
[CV] ............................... , score=-11.269375, total= 1.9min
[CV]  ................................................................
[CV] ............................... , score=-11.188511, total= 1.9min
[CV]  ................................................................
[CV] ............................... , score=-10.668280, total= 1.5min
[CV]  ................................................................
[CV] ............................... , score=-10.992413, total=  43.3s
[CV]  ................................................................
[CV] ............................... , score=-11.648812, total= 1.5min
[CV]  ................................................................
[CV] ............................... , score=-11.255831, total=  42.4s
[Parallel(n_jobs=8)]: Done   4 out of  10 | elapsed:  1.7min remaining:  2.6min
[Parallel(n_jobs=8)]: Done   7 out of  10 | elapsed:  1.9min remaining:   47.6s
[Parallel(n_jobs=8)]: Done  10 out of  10 | elapsed:  2.2min remaining:    0.0s
[Parallel(n_jobs=8)]: Done  10 out of  10 | elapsed:  2.2min finished
Media Scores MAE SVR parametrizado:  11.3036863053
